<?xml version="1.0" encoding="utf-8"?><testsuites name="pytest tests"><testsuite name="pytest" errors="0" failures="0" skipped="0" tests="9" time="0.646" timestamp="2026-01-26T20:47:30.560004+00:00" hostname="agent-env-66d1e57f-b72c-49ea-b785-23f353036217"><testcase classname="backend.tests.test_access_control.TestDashboardSummaryPlanStatus" name="test_expired_trial_user_plan_status" time="0.098" /><testcase classname="backend.tests.test_access_control.TestDashboardSummaryPlanStatus" name="test_active_trial_user_plan_status" time="0.061" /><testcase classname="backend.tests.test_access_control.TestDashboardSummaryPlanStatus" name="test_subscription_days_hidden" time="0.063" /><testcase classname="backend.tests.test_access_control.TestAIDrillsFreeTrial" name="test_first_3_case_math_drills_are_free" time="0.060" /><testcase classname="backend.tests.test_access_control.TestAIDrillsFreeTrial" name="test_first_3_case_structuring_drills_are_free" time="0.048" /><testcase classname="backend.tests.test_access_control.TestAIDrillsFreeTrial" name="test_drills_have_required_fields" time="0.049" /><testcase classname="backend.tests.test_access_control.TestAccessControlFlags" name="test_expired_trial_pages_browsable" time="0.070" /><testcase classname="backend.tests.test_access_control.TestAccessControlFlags" name="test_trial_limits_returned" time="0.062" /><testcase classname="backend.tests.test_access_control.TestSingleSessionsNeverExpire" name="test_single_sessions_flag_exists" time="0.056" /></testsuite></testsuites>