<?xml version="1.0" encoding="utf-8"?><testsuites name="pytest tests"><testsuite name="pytest" errors="0" failures="0" skipped="0" tests="14" time="1.823" timestamp="2026-01-20T18:54:27.476781+00:00" hostname="agent-env-7da3639e-ab0e-44e2-9e2c-88474d9cdea6"><testcase classname="tests.test_admin_features.TestAdminLogin" name="test_admin_mock_login" time="0.080" /><testcase classname="tests.test_admin_features.TestAdminDashboard" name="test_admin_stats" time="0.060" /><testcase classname="tests.test_admin_features.TestPeerPracticeSection" name="test_get_peer_practice_users" time="0.050" /><testcase classname="tests.test_admin_features.TestPeerPracticeSection" name="test_update_peer_availability" time="0.058" /><testcase classname="tests.test_admin_features.TestPeerPracticeSection" name="test_update_peer_practice_status" time="0.077" /><testcase classname="tests.test_admin_features.TestChunkedUpload" name="test_chunked_upload_init" time="0.041" /><testcase classname="tests.test_admin_features.TestChunkedUpload" name="test_chunked_upload_full_flow" time="0.076" /><testcase classname="tests.test_admin_features.TestVideosSection" name="test_get_all_videos" time="0.043" /><testcase classname="tests.test_admin_features.TestVideosSection" name="test_create_video" time="0.080" /><testcase classname="tests.test_admin_features.TestMaterialsSection" name="test_get_all_materials" time="0.770" /><testcase classname="tests.test_admin_features.TestMaterialsSection" name="test_create_material" time="0.101" /><testcase classname="tests.test_admin_features.TestSalesSection" name="test_get_sales_metrics" time="0.045" /><testcase classname="tests.test_admin_features.TestSalesSection" name="test_get_invoices" time="0.054" /><testcase classname="tests.test_admin_features.TestSalesSection" name="test_get_pnl" time="0.196" /></testsuite></testsuites>