<?xml version="1.0" encoding="utf-8"?><testsuites name="pytest tests"><testsuite name="pytest" errors="0" failures="0" skipped="0" tests="14" time="5.652" timestamp="2026-05-05T07:09:24.900979+00:00" hostname="agent-env-5aa62c03-6b66-484a-a9ba-c63a37a022b6"><testcase classname="backend.tests.test_admin_video_upload.TestDirectUpload" name="test_small_mp4_upload_returns_cloud_url" time="1.076" /><testcase classname="backend.tests.test_admin_video_upload.TestDirectUpload" name="test_unauthorized_upload_rejected" time="0.279" /><testcase classname="backend.tests.test_admin_video_upload.TestChunkedUpload" name="test_full_chunked_flow_async_finalize_with_polling" time="2.765" /><testcase classname="backend.tests.test_admin_video_upload.TestChunkedUpload" name="test_status_endpoint_unknown_upload_id_returns_404" time="0.045" /><testcase classname="backend.tests.test_admin_video_upload.TestChunkedUpload" name="test_status_endpoint_unauthorized" time="0.152" /><testcase classname="backend.tests.test_admin_video_upload.TestChunkedUpload" name="test_finalize_missing_chunks_returns_400" time="0.097" /><testcase classname="backend.tests.test_admin_video_upload.TestChunkedUpload" name="test_chunk_recovers_missing_session" time="0.047" /><testcase classname="backend.tests.test_admin_video_upload.TestChunkedUpload" name="test_finalize_invalid_upload_id_returns_400" time="0.044" /><testcase classname="backend.tests.test_admin_video_upload.TestChunkedUpload" name="test_chunk_endpoint_unauthorized" time="0.134" /><testcase classname="backend.tests.test_admin_video_upload.TestWorkshopWithUploadedVideo" name="test_create_workshop_with_uploaded_video" time="0.046" /><testcase classname="backend.tests.test_admin_video_upload.TestWorkshopWithUploadedVideo" name="test_update_workshop_with_uploaded_video" time="0.046" /><testcase classname="backend.tests.test_admin_video_upload.TestFileServing" name="test_get_file_full" time="0.326" /><testcase classname="backend.tests.test_admin_video_upload.TestFileServing" name="test_get_file_with_range" time="0.322" /><testcase classname="backend.tests.test_admin_video_upload.TestFileServing" name="test_get_file_unauthenticated_returns_401" time="0.186" /></testsuite></testsuites>