<?xml version="1.0" encoding="utf-8"?><testsuites name="pytest tests"><testsuite name="pytest" errors="0" failures="0" skipped="2" tests="22" time="0.915" timestamp="2026-01-27T10:33:27.081120+00:00" hostname="agent-env-11583bb7-2f53-4a4b-baec-89e68dd2cae6"><testcase classname="backend.tests.test_anniversary_proration.TestUpgradePreviewEndpoint" name="test_upgrade_preview_requires_authentication" time="0.100" /><testcase classname="backend.tests.test_anniversary_proration.TestUpgradePreviewEndpoint" name="test_upgrade_preview_fails_without_subscription" time="0.100" /><testcase classname="backend.tests.test_anniversary_proration.TestUpgradePreviewEndpoint" name="test_upgrade_preview_validates_plan_key" time="0.050" /><testcase classname="backend.tests.test_anniversary_proration.TestUpgradePreviewEndpoint" name="test_upgrade_preview_validates_billing_cycle" time="0.044" /><testcase classname="backend.tests.test_anniversary_proration.TestConfirmProrationPaymentEndpoint" name="test_confirm_proration_requires_authentication" time="0.040" /><testcase classname="backend.tests.test_anniversary_proration.TestConfirmProrationPaymentEndpoint" name="test_confirm_proration_fails_without_pending_upgrade" time="0.050" /><testcase classname="backend.tests.test_anniversary_proration.TestCancelPendingUpgradeEndpoint" name="test_cancel_pending_upgrade_requires_authentication" time="0.032" /><testcase classname="backend.tests.test_anniversary_proration.TestCancelPendingUpgradeEndpoint" name="test_cancel_pending_upgrade_fails_without_pending_upgrade" time="0.047" /><testcase classname="backend.tests.test_anniversary_proration.TestSubscriptionStatusWithPendingChange" name="test_status_includes_pending_change_field" time="0.050" /><testcase classname="backend.tests.test_anniversary_proration.TestAnniversaryProrationCalculation" name="test_plans_endpoint_returns_pricing_for_proration" time="0.033" /><testcase classname="backend.tests.test_anniversary_proration.TestChangePlanWithAnniversaryBilling" name="test_change_plan_requires_authentication" time="0.034" /><testcase classname="backend.tests.test_anniversary_proration.TestChangePlanWithAnniversaryBilling" name="test_change_plan_fails_without_subscription" time="0.042" /><testcase classname="backend.tests.test_anniversary_proration.TestChangePlanWithAnniversaryBilling" name="test_change_plan_validates_plan_key" time="0.042" /><testcase classname="backend.tests.test_anniversary_proration.TestChangePlanWithAnniversaryBilling" name="test_change_plan_validates_billing_cycle" time="0.080" /><testcase classname="backend.tests.test_anniversary_proration.TestProrationCalculationLogic" name="test_proration_formula_basic_case" time="0.000" /><testcase classname="backend.tests.test_anniversary_proration.TestProrationCalculationLogic" name="test_proration_formula_same_price" time="0.000" /><testcase classname="backend.tests.test_anniversary_proration.TestProrationCalculationLogic" name="test_proration_formula_downgrade" time="0.000" /><testcase classname="backend.tests.test_anniversary_proration.TestProrationCalculationLogic" name="test_proration_formula_6_month_upgrade" time="0.000" /><testcase classname="backend.tests.test_anniversary_proration.TestAnniversaryDatePreservation" name="test_anniversary_date_calculation" time="0.000" /><testcase classname="backend.tests.test_anniversary_proration.TestAnniversaryDatePreservation" name="test_anniversary_date_6_month_cycle" time="0.000" /><testcase classname="backend.tests.test_anniversary_proration.TestUpgradePreviewResponseStructure" name="test_upgrade_preview_response_fields" time="0.048"><skipped type="pytest.skip" message="Admin has no active subscription to test upgrade preview">/app/backend/tests/test_anniversary_proration.py:347: Admin has no active subscription to test upgrade preview</skipped></testcase><testcase classname="backend.tests.test_anniversary_proration.TestChangePlanResponseStructure" name="test_change_plan_anniversary_upgrade_response_fields" time="0.038"><skipped type="pytest.skip" message="Admin has no active subscription to test change plan">/app/backend/tests/test_anniversary_proration.py:406: Admin has no active subscription to test change plan</skipped></testcase></testsuite></testsuites>