<?xml version="1.0" encoding="utf-8"?><testsuites name="pytest tests"><testsuite name="pytest" errors="0" failures="0" skipped="0" tests="11" time="2.950" timestamp="2026-02-15T15:07:53.423201+00:00" hostname="agent-env-7c7674e6-1cdf-4c12-9147-411359c006fe"><testcase classname="backend.tests.test_automations.TestAutomationsAPI" name="test_01_list_automations_returns_seeded_data" time="0.216" /><testcase classname="backend.tests.test_automations.TestAutomationsAPI" name="test_02_fetch_resend_templates" time="0.345" /><testcase classname="backend.tests.test_automations.TestAutomationsAPI" name="test_03_update_automation_day_config" time="0.280" /><testcase classname="backend.tests.test_automations.TestAutomationsAPI" name="test_04_toggle_automation_enabled" time="0.427" /><testcase classname="backend.tests.test_automations.TestAutomationsAPI" name="test_05_get_automation_logs" time="0.192" /><testcase classname="backend.tests.test_automations.TestAutomationsAPI" name="test_06_run_automation_now" time="0.193" /><testcase classname="backend.tests.test_automations.TestAutomationsAPI" name="test_07_update_automation_not_found" time="0.219" /><testcase classname="backend.tests.test_automations.TestAutomationsAPI" name="test_08_toggle_nonexistent_automation" time="0.175" /><testcase classname="backend.tests.test_automations.TestAutomationsAPI" name="test_09_logs_pagination" time="0.145" /><testcase classname="backend.tests.test_automations.TestAutomationsAPI" name="test_10_update_with_enabled_flag" time="0.224" /><testcase classname="backend.tests.test_automations.TestAutomationsAPI" name="test_11_non_admin_cannot_access" time="0.464" /></testsuite></testsuites>