<?xml version="1.0" encoding="utf-8"?><testsuites name="pytest tests"><testsuite name="pytest" errors="0" failures="0" skipped="0" tests="17" time="27.594" timestamp="2026-04-21T16:12:35.137838+00:00" hostname="agent-env-6928e1d2-d28e-48b1-8037-be37d32dcc86"><testcase classname="backend.tests.test_booking_status_filter_parity.TestAvailabilityEndpoint" name="test_availability_returns_slots" time="0.370" /><testcase classname="backend.tests.test_booking_status_filter_parity.TestNonBlockingStatusParity" name="test_non_blocking_status_allows_availability_and_booking[mentor_cancelled]" time="2.271" /><testcase classname="backend.tests.test_booking_status_filter_parity.TestNonBlockingStatusParity" name="test_non_blocking_status_allows_availability_and_booking[candidate_cancelled]" time="2.161" /><testcase classname="backend.tests.test_booking_status_filter_parity.TestNonBlockingStatusParity" name="test_non_blocking_status_allows_availability_and_booking[admin_cancelled]" time="2.090" /><testcase classname="backend.tests.test_booking_status_filter_parity.TestNonBlockingStatusParity" name="test_non_blocking_status_allows_availability_and_booking[completed]" time="2.327" /><testcase classname="backend.tests.test_booking_status_filter_parity.TestNonBlockingStatusParity" name="test_non_blocking_status_allows_availability_and_booking[mentor_rescheduled]" time="2.416" /><testcase classname="backend.tests.test_booking_status_filter_parity.TestNonBlockingStatusParity" name="test_non_blocking_status_allows_availability_and_booking[candidate_rescheduled]" time="2.130" /><testcase classname="backend.tests.test_booking_status_filter_parity.TestNonBlockingStatusParity" name="test_non_blocking_status_allows_availability_and_booking[admin_rescheduled]" time="2.099" /><testcase classname="backend.tests.test_booking_status_filter_parity.TestNonBlockingStatusParity" name="test_non_blocking_status_allows_availability_and_booking[mentor_no_show]" time="2.146" /><testcase classname="backend.tests.test_booking_status_filter_parity.TestNonBlockingStatusParity" name="test_non_blocking_status_allows_availability_and_booking[candidate_no_show]" time="1.979" /><testcase classname="backend.tests.test_booking_status_filter_parity.TestNonBlockingStatusParity" name="test_non_blocking_status_allows_availability_and_booking[both_no_show]" time="2.135" /><testcase classname="backend.tests.test_booking_status_filter_parity.TestBlockingStatusesStillBlock" name="test_blocking_status_rejects_booking[confirmed]" time="0.236" /><testcase classname="backend.tests.test_booking_status_filter_parity.TestBlockingStatusesStillBlock" name="test_blocking_status_rejects_booking[pending]" time="0.194" /><testcase classname="backend.tests.test_booking_status_filter_parity.TestBlockingStatusesStillBlock" name="test_blocking_status_rejects_booking[reschedule_pending]" time="0.215" /><testcase classname="backend.tests.test_booking_status_filter_parity.TestForwardBackwardBlocking" name="test_backward_block_9_00_when_9_30_booked" time="0.195" /><testcase classname="backend.tests.test_booking_status_filter_parity.TestEarliestSlotsParity" name="test_earliest_slots_ignores_cancelled" time="0.144" /><testcase classname="backend.tests.test_booking_status_filter_parity.TestAdminCancelRebookFlow" name="test_admin_cancel_frees_slot_for_rebook" time="4.339" /></testsuite></testsuites>