<?xml version="1.0" encoding="utf-8"?><testsuites name="pytest tests"><testsuite name="pytest" errors="0" failures="0" skipped="0" tests="5" time="0.951" timestamp="2026-01-26T17:08:37.404833+00:00" hostname="agent-env-614de796-b6a1-4d6f-9d1a-88ec036ffda5"><testcase classname="backend.tests.test_bulk_mentor_upload.TestBulkMentorUpload" name="test_template_download_returns_xlsx" time="0.285" /><testcase classname="backend.tests.test_bulk_mentor_upload.TestBulkMentorUpload" name="test_bulk_upload_valid_excel" time="0.254" /><testcase classname="backend.tests.test_bulk_mentor_upload.TestBulkMentorUpload" name="test_bulk_upload_duplicate_email_shows_error" time="0.183" /><testcase classname="backend.tests.test_bulk_mentor_upload.TestBulkMentorUpload" name="test_bulk_upload_invalid_file_type_rejected" time="0.054" /><testcase classname="backend.tests.test_bulk_mentor_upload.TestBulkMentorUpload" name="test_mentors_created_as_hidden_by_default" time="0.113" /></testsuite></testsuites>