<?xml version="1.0" encoding="utf-8"?><testsuites name="pytest tests"><testsuite name="pytest" errors="0" failures="0" skipped="1" tests="10" time="2.659" timestamp="2026-01-21T15:21:23.985090+00:00" hostname="agent-env-c59ed7f9-7d98-4a67-9038-d316bb1aa82e"><testcase classname="tests.test_calendar_integration.TestCalendarStatus" name="test_calendar_status_returns_available" time="0.050" /><testcase classname="tests.test_calendar_integration.TestCoachingBookingWithCalendar" name="test_get_mentors" time="0.047" /><testcase classname="tests.test_calendar_integration.TestCoachingBookingWithCalendar" name="test_get_mentor_availability" time="0.066" /><testcase classname="tests.test_calendar_integration.TestCoachingBookingWithCalendar" name="test_book_coaching_session_creates_calendar_event" time="0.146"><skipped type="pytest.skip" message="No coaching sessions remaining">/app/tests/test_calendar_integration.py:139: No coaching sessions remaining</skipped></testcase><testcase classname="tests.test_calendar_integration.TestUserBookingsWithMeetLink" name="test_my_bookings_returns_meet_link" time="0.050" /><testcase classname="tests.test_calendar_integration.TestPeerPracticeWithCalendar" name="test_get_peers_list" time="0.049" /><testcase classname="tests.test_calendar_integration.TestPeerPracticeWithCalendar" name="test_book_peer_session_creates_calendar_event" time="1.038" /><testcase classname="tests.test_calendar_integration.TestPeerPracticeWithCalendar" name="test_my_peer_sessions_returns_meet_link" time="0.047" /><testcase classname="tests.test_calendar_integration.TestWorkshopMeetingLink" name="test_workshops_have_meeting_link_field" time="0.041" /><testcase classname="tests.test_calendar_integration.TestCalendarAPIEndpoints" name="test_calendar_coaching_session_endpoint" time="1.069" /></testsuite></testsuites>