<?xml version="1.0" encoding="utf-8"?><testsuites name="pytest tests"><testsuite name="pytest" errors="0" failures="0" skipped="0" tests="27" time="1.044" timestamp="2026-01-24T17:08:45.061402+00:00" hostname="agent-env-bc0e8db9-64d4-484f-8e63-c37cc9ad19d7"><testcase classname="backend.tests.test_case_structuring.TestCaseStructuringQuestionStructure" name="test_beginner_has_10_questions" time="0.000" /><testcase classname="backend.tests.test_case_structuring.TestCaseStructuringQuestionStructure" name="test_intermediate_has_10_questions" time="0.000" /><testcase classname="backend.tests.test_case_structuring.TestCaseStructuringQuestionStructure" name="test_advanced_has_10_questions" time="0.000" /><testcase classname="backend.tests.test_case_structuring.TestCaseStructuringCaseContext" name="test_all_questions_have_case_context" time="0.000" /><testcase classname="backend.tests.test_case_structuring.TestCaseStructuringMECEFocus" name="test_questions_focus_on_structuring" time="0.000" /><testcase classname="backend.tests.test_case_structuring.TestCaseStructuringMECEFocus" name="test_explanations_mention_mece" time="0.000" /><testcase classname="backend.tests.test_case_structuring.TestMultiSelectQuestions" name="test_multi_select_questions_exist" time="0.000" /><testcase classname="backend.tests.test_case_structuring.TestMultiSelectQuestions" name="test_multi_select_has_correct_answers_array" time="0.000" /><testcase classname="backend.tests.test_case_structuring.TestMultiSelectQuestions" name="test_multi_select_has_options" time="0.000" /><testcase classname="backend.tests.test_case_structuring.TestMultipleChoiceQuestions" name="test_multiple_choice_correct_index_matches_answer" time="0.000" /><testcase classname="backend.tests.test_case_structuring.TestCaseStructuringAPIGenerate" name="test_generate_case_structuring_beginner" time="0.083" /><testcase classname="backend.tests.test_case_structuring.TestCaseStructuringAPIGenerate" name="test_generate_case_structuring_intermediate" time="0.056" /><testcase classname="backend.tests.test_case_structuring.TestCaseStructuringAPIGenerate" name="test_generate_case_structuring_advanced" time="0.049" /><testcase classname="backend.tests.test_case_structuring.TestCaseStructuringAPIGenerate" name="test_case_structuring_has_multi_select_questions" time="0.043" /><testcase classname="backend.tests.test_case_structuring.TestMultiSelectEvaluation" name="test_evaluate_multi_select_correct" time="0.087" /><testcase classname="backend.tests.test_case_structuring.TestMultiSelectEvaluation" name="test_evaluate_multi_select_incorrect" time="0.053" /><testcase classname="backend.tests.test_case_structuring.TestMultiSelectEvaluation" name="test_evaluate_multi_select_partial" time="0.085" /><testcase classname="backend.tests.test_case_structuring.TestMultiSelectEvaluation" name="test_evaluate_multi_select_empty" time="0.055" /><testcase classname="backend.tests.test_case_structuring.TestCaseStructuringCaseTypes" name="test_covers_profitability_cases" time="0.000" /><testcase classname="backend.tests.test_case_structuring.TestCaseStructuringCaseTypes" name="test_covers_market_entry_cases" time="0.000" /><testcase classname="backend.tests.test_case_structuring.TestCaseStructuringCaseTypes" name="test_covers_growth_cases" time="0.000" /><testcase classname="backend.tests.test_case_structuring.TestCaseStructuringCaseTypes" name="test_covers_diagnostic_cases" time="0.000" /><testcase classname="backend.tests.test_case_structuring.TestCaseStructuringCaseTypes" name="test_covers_ma_cases" time="0.000" /><testcase classname="backend.tests.test_case_structuring.TestCaseStructuringCaseTypes" name="test_covers_pricing_cases" time="0.000" /><testcase classname="backend.tests.test_case_structuring.TestTimeLimitsForCaseStructuring" name="test_beginner_time_limit_300s" time="0.049" /><testcase classname="backend.tests.test_case_structuring.TestTimeLimitsForCaseStructuring" name="test_intermediate_time_limit_600s" time="0.046" /><testcase classname="backend.tests.test_case_structuring.TestTimeLimitsForCaseStructuring" name="test_advanced_time_limit_900s" time="0.053" /></testsuite></testsuites>