<?xml version="1.0" encoding="utf-8"?><testsuites name="pytest tests"><testsuite name="pytest" errors="0" failures="0" skipped="0" tests="15" time="3.723" timestamp="2026-02-05T17:49:16.871818+00:00" hostname="agent-env-e1677c12-fdd8-427e-99a6-2f3b4a216d7f"><testcase classname="backend.tests.test_case_competition.TestCaseCompetitionAdmin" name="test_create_competition" time="0.127" /><testcase classname="backend.tests.test_case_competition.TestCaseCompetitionAdmin" name="test_list_competitions" time="0.116" /><testcase classname="backend.tests.test_case_competition.TestCaseCompetitionAdmin" name="test_create_and_add_questions_bulk" time="0.148" /><testcase classname="backend.tests.test_case_competition.TestCaseCompetitionAdmin" name="test_get_competition_stats" time="0.175" /><testcase classname="backend.tests.test_case_competition.TestCaseCompetitionAdmin" name="test_update_competition" time="0.158" /><testcase classname="backend.tests.test_case_competition.TestCaseCompetitionAdmin" name="test_delete_competition" time="0.129" /><testcase classname="backend.tests.test_case_competition.TestCaseCompetitionUser" name="test_get_active_competitions" time="0.220" /><testcase classname="backend.tests.test_case_competition.TestCaseCompetitionUser" name="test_start_quiz" time="0.233" /><testcase classname="backend.tests.test_case_competition.TestCaseCompetitionUser" name="test_submit_answer_correct" time="0.272" /><testcase classname="backend.tests.test_case_competition.TestCaseCompetitionUser" name="test_cannot_resubmit_same_question" time="0.279" /><testcase classname="backend.tests.test_case_competition.TestCaseCompetitionUser" name="test_skip_question" time="0.240" /><testcase classname="backend.tests.test_case_competition.TestCaseCompetitionUser" name="test_submit_quiz" time="0.321" /><testcase classname="backend.tests.test_case_competition.TestCaseCompetitionUser" name="test_get_results_after_submit" time="0.428" /><testcase classname="backend.tests.test_case_competition.TestCaseCompetitionUser" name="test_resume_quiz" time="0.278" /><testcase classname="backend.tests.test_case_competition.TestCaseCompetitionLeaderboard" name="test_get_leaderboard" time="0.513" /></testsuite></testsuites>