<?xml version="1.0" encoding="utf-8"?><testsuites name="pytest tests"><testsuite name="pytest" errors="0" failures="0" skipped="0" tests="7" time="1.409" timestamp="2026-04-13T12:07:04.536381+00:00" hostname="agent-env-c5b09c3e-0c2c-400a-84e3-0d2f8ca7d45a"><testcase classname="tests.test_case_math_labels.TestDrillDifficultyLabels" name="test_drills_list_endpoint_returns_data" time="0.303" /><testcase classname="tests.test_case_math_labels.TestDrillDifficultyLabels" name="test_case_math_beginner_has_easy_label" time="0.167" /><testcase classname="tests.test_case_math_labels.TestDrillDifficultyLabels" name="test_case_math_intermediate_has_medium_label" time="0.157" /><testcase classname="tests.test_case_math_labels.TestDrillDifficultyLabels" name="test_case_math_advanced_has_hard_label" time="0.181" /><testcase classname="tests.test_case_math_labels.TestDrillDifficultyLabels" name="test_case_structuring_has_swapped_labels" time="0.180" /><testcase classname="tests.test_case_math_labels.TestDrillDifficultyLabels" name="test_charts_exhibits_has_normal_labels" time="0.192" /><testcase classname="tests.test_case_math_labels.TestDrillDifficultyLabels" name="test_drill_counts_per_type" time="0.159" /></testsuite></testsuites>