<?xml version="1.0" encoding="utf-8"?><testsuites name="pytest tests"><testsuite name="pytest" errors="0" failures="0" skipped="0" tests="19" time="1.115" timestamp="2026-01-24T16:57:15.751413+00:00" hostname="agent-env-bc0e8db9-64d4-484f-8e63-c37cc9ad19d7"><testcase classname="tests.test_ai_drills.TestDrillTypes" name="test_get_drill_types" time="0.057" /><testcase classname="tests.test_ai_drills.TestDrillGeneration" name="test_generate_case_math_beginner" time="0.052" /><testcase classname="tests.test_ai_drills.TestDrillGeneration" name="test_generate_case_math_intermediate" time="0.051" /><testcase classname="tests.test_ai_drills.TestDrillGeneration" name="test_generate_case_math_advanced" time="0.052" /><testcase classname="tests.test_ai_drills.TestDrillGeneration" name="test_generate_case_structuring_beginner" time="0.050" /><testcase classname="tests.test_ai_drills.TestDrillGeneration" name="test_generate_market_sizing_beginner" time="0.045" /><testcase classname="tests.test_ai_drills.TestDrillGeneration" name="test_generate_invalid_drill_type" time="0.086" /><testcase classname="tests.test_ai_drills.TestDrillGeneration" name="test_generate_invalid_difficulty" time="0.047" /><testcase classname="tests.test_ai_drills.TestDrillGeneration" name="test_generate_without_auth" time="0.043" /><testcase classname="tests.test_ai_drills.TestDrillEvaluation" name="test_evaluate_multiple_choice_correct" time="0.051" /><testcase classname="tests.test_ai_drills.TestDrillEvaluation" name="test_evaluate_multiple_choice_incorrect" time="0.054" /><testcase classname="tests.test_ai_drills.TestDrillEvaluation" name="test_evaluate_text_input_correct" time="0.051" /><testcase classname="tests.test_ai_drills.TestDrillCompletion" name="test_complete_drill_flow" time="0.099" /><testcase classname="tests.test_ai_drills.TestDrillCompletion" name="test_complete_invalid_session" time="0.046" /><testcase classname="tests.test_ai_drills.TestDrillHistory" name="test_get_drill_history" time="0.039" /><testcase classname="tests.test_ai_drills.TestDrillHistory" name="test_history_without_auth" time="0.034" /><testcase classname="tests.test_ai_drills.TestTimeLimits" name="test_easy_time_limit_5_minutes" time="0.060" /><testcase classname="tests.test_ai_drills.TestTimeLimits" name="test_medium_time_limit_10_minutes" time="0.060" /><testcase classname="tests.test_ai_drills.TestTimeLimits" name="test_hard_time_limit_15_minutes" time="0.068" /></testsuite></testsuites>