<?xml version="1.0" encoding="utf-8"?><testsuites name="pytest tests"><testsuite name="pytest" errors="0" failures="0" skipped="0" tests="11" time="0.855" timestamp="2026-01-27T00:39:40.347609+00:00" hostname="agent-env-e32e280f-ae42-4e71-a30a-37d270fc87c0"><testcase classname="backend.tests.test_charts_exhibits.TestChartsExhibitsDrills" name="test_charts_exhibits_in_drill_list" time="0.125" /><testcase classname="backend.tests.test_charts_exhibits.TestChartsExhibitsDrills" name="test_charts_exhibits_drill_difficulties" time="0.062" /><testcase classname="backend.tests.test_charts_exhibits.TestChartsExhibitsDrills" name="test_easy_drill_has_simple_charts" time="0.070" /><testcase classname="backend.tests.test_charts_exhibits.TestChartsExhibitsDrills" name="test_medium_drill_has_combined_charts" time="0.047" /><testcase classname="backend.tests.test_charts_exhibits.TestChartsExhibitsDrills" name="test_hard_drill_has_advanced_charts" time="0.054" /><testcase classname="backend.tests.test_charts_exhibits.TestChartsExhibitsDrills" name="test_drill_question_structure" time="0.051" /><testcase classname="backend.tests.test_charts_exhibits.TestChartsExhibitsDrills" name="test_drill_completion_recording" time="0.081" /><testcase classname="backend.tests.test_charts_exhibits.TestChartsExhibitsDrills" name="test_evaluate_answer" time="0.112" /><testcase classname="backend.tests.test_charts_exhibits.TestChartsExhibitsChartData" name="test_table_chart_data_structure" time="0.054" /><testcase classname="backend.tests.test_charts_exhibits.TestChartsExhibitsChartData" name="test_bar_chart_data_structure" time="0.055" /><testcase classname="backend.tests.test_charts_exhibits.TestChartsExhibitsChartData" name="test_bubble_chart_data_structure" time="0.059" /></testsuite></testsuites>