<?xml version="1.0" encoding="utf-8"?><testsuites name="pytest tests"><testsuite name="pytest" errors="0" failures="0" skipped="0" tests="12" time="2.999" timestamp="2026-04-13T12:41:17.094892+00:00" hostname="agent-env-c5b09c3e-0c2c-400a-84e3-0d2f8ca7d45a"><testcase classname="tests.test_charts_exhibits_hard_drills.TestChartsExhibitsHardDrills" name="test_total_drills_count" time="0.308" /><testcase classname="tests.test_charts_exhibits_hard_drills.TestChartsExhibitsHardDrills" name="test_case_math_count" time="0.306" /><testcase classname="tests.test_charts_exhibits_hard_drills.TestChartsExhibitsHardDrills" name="test_case_structuring_count" time="0.260" /><testcase classname="tests.test_charts_exhibits_hard_drills.TestChartsExhibitsHardDrills" name="test_charts_exhibits_total_count" time="0.231" /><testcase classname="tests.test_charts_exhibits_hard_drills.TestChartsExhibitsHardDrills" name="test_charts_exhibits_easy_count" time="0.229" /><testcase classname="tests.test_charts_exhibits_hard_drills.TestChartsExhibitsHardDrills" name="test_charts_exhibits_medium_count" time="0.275" /><testcase classname="tests.test_charts_exhibits_hard_drills.TestChartsExhibitsHardDrills" name="test_charts_exhibits_hard_count" time="0.237" /><testcase classname="tests.test_charts_exhibits_hard_drills.TestChartsExhibitsHardDrills" name="test_charts_exhibits_hard_time_limit" time="0.220" /><testcase classname="tests.test_charts_exhibits_hard_drills.TestChartsExhibitsHardDrills" name="test_case_math_time_labels" time="0.210" /><testcase classname="tests.test_charts_exhibits_hard_drills.TestChartsExhibitsHardDrills" name="test_case_structuring_time_labels" time="0.220" /><testcase classname="tests.test_charts_exhibits_hard_drills.TestChartsExhibitsHardDrills" name="test_charts_exhibits_time_labels" time="0.213" /><testcase classname="tests.test_charts_exhibits_hard_drills.TestChartsExhibitsHardDrills" name="test_charts_exhibits_hard_drill_ids" time="0.221" /></testsuite></testsuites>