<?xml version="1.0" encoding="utf-8"?><testsuites name="pytest tests"><testsuite name="pytest" errors="0" failures="0" skipped="0" tests="22" time="4.264" timestamp="2026-05-07T15:25:21.308280+00:00" hostname="agent-env-c4e37360-1f2d-49b0-bf44-76f954eb6c3c"><testcase classname="backend.tests.test_cohort_programs.TestPublic" name="test_featured_returns_list" time="0.691" /><testcase classname="backend.tests.test_cohort_programs.TestPublic" name="test_by_slug_returns_full" time="0.087" /><testcase classname="backend.tests.test_cohort_programs.TestPublic" name="test_by_slug_404" time="0.097" /><testcase classname="backend.tests.test_cohort_programs.TestPublic" name="test_discovery_call_submit" time="0.118" /><testcase classname="backend.tests.test_cohort_programs.TestAuthEnrolment" name="test_create_order_requires_auth" time="0.084" /><testcase classname="backend.tests.test_cohort_programs.TestAuthEnrolment" name="test_create_order_invalid_cohort" time="0.215" /><testcase classname="backend.tests.test_cohort_programs.TestAuthEnrolment" name="test_create_order_invalid_coupon" time="0.074" /><testcase classname="backend.tests.test_cohort_programs.TestAuthEnrolment" name="test_create_order_success_shape" time="0.917" /><testcase classname="backend.tests.test_cohort_programs.TestAuthEnrolment" name="test_my_enrollments_requires_auth" time="0.079" /><testcase classname="backend.tests.test_cohort_programs.TestAuthEnrolment" name="test_my_enrollments_returns_list" time="0.073" /><testcase classname="backend.tests.test_cohort_programs.TestAdmin" name="test_admin_list" time="0.078" /><testcase classname="backend.tests.test_cohort_programs.TestAdmin" name="test_admin_get_one" time="0.080" /><testcase classname="backend.tests.test_cohort_programs.TestAdmin" name="test_admin_get_404" time="0.076" /><testcase classname="backend.tests.test_cohort_programs.TestAdmin" name="test_admin_update" time="0.163" /><testcase classname="backend.tests.test_cohort_programs.TestAdmin" name="test_admin_create_duplicate_slug_409" time="0.081" /><testcase classname="backend.tests.test_cohort_programs.TestAdmin" name="test_admin_enrollments_listing" time="0.102" /><testcase classname="backend.tests.test_cohort_programs.TestAdmin" name="test_admin_discovery_calls_list" time="0.098" /><testcase classname="backend.tests.test_cohort_programs.TestAdmin" name="test_admin_discovery_calls_filter_pending" time="0.088" /><testcase classname="backend.tests.test_cohort_programs.TestAdmin" name="test_admin_discovery_call_lifecycle" time="0.426" /><testcase classname="backend.tests.test_cohort_programs.TestAdmin" name="test_admin_endpoints_require_admin" time="0.262" /><testcase classname="backend.tests.test_cohort_programs.TestAdmin" name="test_admin_endpoints_require_auth" time="0.081" /><testcase classname="backend.tests.test_cohort_programs.TestLegacyRegression" name="test_legacy_admin_cohorts_still_works" time="0.240" /></testsuite></testsuites>