<?xml version="1.0" encoding="utf-8"?><testsuites name="pytest tests"><testsuite name="pytest" errors="0" failures="0" skipped="0" tests="13" time="1.768" timestamp="2026-01-21T16:45:32.459864+00:00" hostname="agent-env-c59ed7f9-7d98-4a67-9038-d316bb1aa82e"><testcase classname="tests.test_cohort_lifecycle.TestCohortLifecycle" name="test_01_get_existing_cohorts" time="0.106" /><testcase classname="tests.test_cohort_lifecycle.TestCohortLifecycle" name="test_02_admin_create_cohort_registering" time="0.134" /><testcase classname="tests.test_cohort_lifecycle.TestCohortLifecycle" name="test_03_only_one_registering_cohort_allowed" time="0.102" /><testcase classname="tests.test_cohort_lifecycle.TestCohortLifecycle" name="test_04_only_one_active_cohort_allowed" time="0.201" /><testcase classname="tests.test_cohort_lifecycle.TestCohortLifecycle" name="test_05_admin_change_cohort_status" time="0.110" /><testcase classname="tests.test_cohort_lifecycle.TestCohortLifecycle" name="test_06_status_change_lifecycle_validation" time="0.182" /><testcase classname="tests.test_cohort_lifecycle.TestCohortLifecycle" name="test_07_candidate_see_registering_cohort" time="0.116" /><testcase classname="tests.test_cohort_lifecycle.TestCohortLifecycle" name="test_08_candidate_my_enrollment" time="0.083" /><testcase classname="tests.test_cohort_lifecycle.TestCohortLifecycle" name="test_09_admin_view_cohort_members" time="0.209" /><testcase classname="tests.test_cohort_lifecycle.TestCohortLifecycle" name="test_10_candidate_register_for_cohort" time="0.170" /><testcase classname="tests.test_cohort_lifecycle.TestCohortEdgeCases" name="test_invalid_status_value" time="0.071" /><testcase classname="tests.test_cohort_lifecycle.TestCohortEdgeCases" name="test_cohort_not_found" time="0.082" /><testcase classname="tests.test_cohort_lifecycle.TestCohortEdgeCases" name="test_register_for_non_registering_cohort" time="0.146" /></testsuite></testsuites>