<?xml version="1.0" encoding="utf-8"?><testsuites name="pytest tests"><testsuite name="pytest" errors="0" failures="0" skipped="0" tests="11" time="1.523" timestamp="2026-02-06T10:07:14.079746+00:00" hostname="agent-env-ae8681af-9da7-4981-9f98-75c7af06bf24"><testcase classname="backend.tests.test_competition_nav_visibility.TestCompetitionNavVisibility" name="test_create_competition_with_show_in_nav_true" time="0.194" /><testcase classname="backend.tests.test_competition_nav_visibility.TestCompetitionNavVisibility" name="test_create_competition_with_show_in_nav_false" time="0.108" /><testcase classname="backend.tests.test_competition_nav_visibility.TestCompetitionNavVisibility" name="test_create_competition_without_nav_visible_from" time="0.110" /><testcase classname="backend.tests.test_competition_nav_visibility.TestCompetitionNavVisibility" name="test_quiz_end_time_auto_calculated" time="0.067" /><testcase classname="backend.tests.test_competition_nav_visibility.TestCompetitionNavVisibility" name="test_toggle_nav_visibility" time="0.174" /><testcase classname="backend.tests.test_competition_nav_visibility.TestCompetitionNavVisibility" name="test_public_api_filters_by_show_in_nav" time="0.150" /><testcase classname="backend.tests.test_competition_nav_visibility.TestCompetitionNavVisibility" name="test_update_duration_recalculates_end_time" time="0.193" /><testcase classname="backend.tests.test_competition_nav_visibility.TestCompetitionNavVisibility" name="test_admin_list_shows_all_competitions" time="0.176" /><testcase classname="backend.tests.test_competition_nav_visibility.TestCompetitionFormValidation" name="test_create_with_only_required_fields" time="0.097" /><testcase classname="backend.tests.test_competition_nav_visibility.TestCompetitionFormValidation" name="test_create_fails_without_name" time="0.044" /><testcase classname="backend.tests.test_competition_nav_visibility.TestCompetitionFormValidation" name="test_create_fails_without_quiz_start_time" time="0.140" /></testsuite></testsuites>