<?xml version="1.0" encoding="utf-8"?><testsuites name="pytest tests"><testsuite name="pytest" errors="0" failures="0" skipped="0" tests="16" time="1.060" timestamp="2026-01-22T15:49:18.528954+00:00" hostname="agent-env-b47ad8f5-7858-4755-b1a9-7aca7cb9f82c"><testcase classname="tests.test_courses_feature.TestCoursesFeatureBackend" name="test_01_get_courses_as_admin" time="0.088" /><testcase classname="tests.test_courses_feature.TestCoursesFeatureBackend" name="test_02_create_course" time="0.046" /><testcase classname="tests.test_courses_feature.TestCoursesFeatureBackend" name="test_03_create_module" time="0.048" /><testcase classname="tests.test_courses_feature.TestCoursesFeatureBackend" name="test_04_create_submodule" time="0.044" /><testcase classname="tests.test_courses_feature.TestCoursesFeatureBackend" name="test_05_create_video_session" time="0.066" /><testcase classname="tests.test_courses_feature.TestCoursesFeatureBackend" name="test_06_create_quiz_session" time="0.094" /><testcase classname="tests.test_courses_feature.TestCoursesFeatureBackend" name="test_07_create_pdf_session" time="0.042" /><testcase classname="tests.test_courses_feature.TestCoursesFeatureBackend" name="test_08_verify_course_hierarchy" time="0.053" /><testcase classname="tests.test_courses_feature.TestCoursesFeatureBackend" name="test_09_update_session" time="0.051" /><testcase classname="tests.test_courses_feature.TestCoursesFeatureBackend" name="test_10_delete_session" time="0.041" /><testcase classname="tests.test_courses_feature.TestCoursesResourcesAPI" name="test_01_get_courses_as_full_prep_user" time="0.052" /><testcase classname="tests.test_courses_feature.TestCoursesResourcesAPI" name="test_02_get_courses_as_free_user" time="0.056" /><testcase classname="tests.test_courses_feature.TestCoursesResourcesAPI" name="test_03_verify_session_content_types" time="0.045" /><testcase classname="tests.test_courses_feature.TestCoursesResourcesAPI" name="test_04_verify_free_sessions_accessible" time="0.051" /><testcase classname="tests.test_courses_feature.TestExistingCourseData" name="test_01_verify_case_interview_fundamentals_course" time="0.044" /><testcase classname="tests.test_courses_feature.TestCleanup" name="test_cleanup_test_courses" time="0.100" /></testsuite></testsuites>