<?xml version="1.0" encoding="utf-8"?><testsuites name="pytest tests"><testsuite name="pytest" errors="0" failures="0" skipped="0" tests="13" time="3.274" timestamp="2026-05-11T16:59:41.239278+00:00" hostname="agent-env-66102013-f44d-4627-b12c-04e7fe6229b4"><testcase classname="backend.tests.test_crm_workflow_plans.TestPlans" name="test_get_plans_returns_list" time="0.352" /><testcase classname="backend.tests.test_crm_workflow_plans.TestPlans" name="test_get_plans_requires_auth" time="0.141" /><testcase classname="backend.tests.test_crm_workflow_plans.TestWorkflowRules" name="test_list_rules_initially" time="0.071" /><testcase classname="backend.tests.test_crm_workflow_plans.TestWorkflowRules" name="test_create_rule" time="0.239" /><testcase classname="backend.tests.test_crm_workflow_plans.TestWorkflowRules" name="test_create_rule_bad_funnel" time="0.076" /><testcase classname="backend.tests.test_crm_workflow_plans.TestWorkflowRules" name="test_create_rule_bad_stage" time="0.076" /><testcase classname="backend.tests.test_crm_workflow_plans.TestWorkflowRules" name="test_create_rule_zero_threshold_rejected" time="0.076" /><testcase classname="backend.tests.test_crm_workflow_plans.TestWorkflowRules" name="test_update_rule" time="0.158" /><testcase classname="backend.tests.test_crm_workflow_plans.TestWorkflowRules" name="test_delete_rule" time="0.144" /><testcase classname="backend.tests.test_crm_workflow_plans.TestWorkflowRules" name="test_delete_nonexistent_rule" time="0.075" /><testcase classname="backend.tests.test_crm_workflow_plans.TestOverdueLeads" name="test_overdue_route_returns_200_not_404" time="0.074" /><testcase classname="backend.tests.test_crm_workflow_plans.TestOverdueLeads" name="test_overdue_zero_when_no_rules" time="0.158" /><testcase classname="backend.tests.test_crm_workflow_plans.TestLeadUpdates" name="test_won_plan_fields_and_stage_changed_at" time="1.575" /></testsuite></testsuites>