<?xml version="1.0" encoding="utf-8"?><testsuites name="pytest tests"><testsuite name="pytest" errors="0" failures="0" skipped="0" tests="7" time="0.552" timestamp="2026-01-25T12:50:56.105664+00:00" hostname="agent-env-8cdc87af-8d47-46b6-bc58-475ee24956f4"><testcase classname="backend.tests.test_dashboard_ratings.TestDashboardRatings" name="test_dashboard_summary_returns_ratings" time="0.139" /><testcase classname="backend.tests.test_dashboard_ratings.TestDashboardRatings" name="test_dashboard_summary_returns_peer_feedback_sessions" time="0.053" /><testcase classname="backend.tests.test_dashboard_ratings.TestDashboardRatings" name="test_dashboard_summary_returns_coach_feedback_sessions" time="0.046" /><testcase classname="backend.tests.test_dashboard_ratings.TestDashboardRatings" name="test_peer_rating_value_correct" time="0.065" /><testcase classname="backend.tests.test_dashboard_ratings.TestDashboardRatings" name="test_coach_rating_value_correct" time="0.047" /><testcase classname="backend.tests.test_dashboard_ratings.TestDashboardRatings" name="test_peer_feedback_contains_required_fields" time="0.089" /><testcase classname="backend.tests.test_dashboard_ratings.TestDashboardRatings" name="test_coach_feedback_contains_required_fields" time="0.055" /></testsuite></testsuites>