<?xml version="1.0" encoding="utf-8"?><testsuites name="pytest tests"><testsuite name="pytest" errors="0" failures="0" skipped="0" tests="19" time="2.394" timestamp="2026-04-13T13:11:21.641645+00:00" hostname="agent-env-c5b09c3e-0c2c-400a-84e3-0d2f8ca7d45a"><testcase classname="backend.tests.test_drill_labels_time.TestDrillLabelsAndTime" name="test_case_structuring_easy_label_and_time" time="0.212" /><testcase classname="backend.tests.test_drill_labels_time.TestDrillLabelsAndTime" name="test_case_structuring_medium_label_and_time" time="0.112" /><testcase classname="backend.tests.test_drill_labels_time.TestDrillLabelsAndTime" name="test_case_structuring_hard_label_and_time" time="0.108" /><testcase classname="backend.tests.test_drill_labels_time.TestDrillLabelsAndTime" name="test_case_math_easy_label_and_time" time="0.114" /><testcase classname="backend.tests.test_drill_labels_time.TestDrillLabelsAndTime" name="test_case_math_medium_label_and_time" time="0.195" /><testcase classname="backend.tests.test_drill_labels_time.TestDrillLabelsAndTime" name="test_case_math_hard_label_and_time" time="0.104" /><testcase classname="backend.tests.test_drill_labels_time.TestDrillLabelsAndTime" name="test_charts_exhibits_easy_label_and_time" time="0.103" /><testcase classname="backend.tests.test_drill_labels_time.TestDrillLabelsAndTime" name="test_charts_exhibits_medium_label_and_time" time="0.128" /><testcase classname="backend.tests.test_drill_labels_time.TestDrillLabelsAndTime" name="test_charts_exhibits_hard_label_and_time" time="0.102" /><testcase classname="backend.tests.test_drill_labels_time.TestDrillLabelsAndTime" name="test_charts_exhibits_hard_drills_load[ce-h-1]" time="0.112" /><testcase classname="backend.tests.test_drill_labels_time.TestDrillLabelsAndTime" name="test_charts_exhibits_hard_drills_load[ce-h-2]" time="0.107" /><testcase classname="backend.tests.test_drill_labels_time.TestDrillLabelsAndTime" name="test_charts_exhibits_hard_drills_load[ce-h-3]" time="0.144" /><testcase classname="backend.tests.test_drill_labels_time.TestDrillLabelsAndTime" name="test_charts_exhibits_hard_drills_load[ce-h-4]" time="0.107" /><testcase classname="backend.tests.test_drill_labels_time.TestDrillLabelsAndTime" name="test_charts_exhibits_hard_drills_load[ce-h-5]" time="0.109" /><testcase classname="backend.tests.test_drill_labels_time.TestDrillLabelsAndTime" name="test_charts_exhibits_hard_drills_load[ce-h-6]" time="0.109" /><testcase classname="backend.tests.test_drill_labels_time.TestDrillLabelsAndTime" name="test_charts_exhibits_hard_drills_load[ce-h-7]" time="0.104" /><testcase classname="backend.tests.test_drill_labels_time.TestDrillLabelsAndTime" name="test_charts_exhibits_hard_drills_load[ce-h-8]" time="0.137" /><testcase classname="backend.tests.test_drill_labels_time.TestDrillLabelsAndTime" name="test_charts_exhibits_hard_drills_load[ce-h-9]" time="0.103" /><testcase classname="backend.tests.test_drill_labels_time.TestDrillLabelsAndTime" name="test_charts_exhibits_hard_drills_load[ce-h-10]" time="0.107" /></testsuite></testsuites>