<?xml version="1.0" encoding="utf-8"?><testsuites name="pytest tests"><testsuite name="pytest" errors="0" failures="0" skipped="0" tests="14" time="0.885" timestamp="2026-01-26T10:20:32.344605+00:00" hostname="agent-env-eb6875ce-77be-4c9a-a29c-a49a7b03cc28"><testcase classname="tests.test_drill_completion_and_plans.TestStartupMigrations" name="test_plans_endpoint_returns_data" time="0.106" /><testcase classname="tests.test_drill_completion_and_plans.TestStartupMigrations" name="test_basic_plan_has_4_peer_sessions" time="0.041" /><testcase classname="tests.test_drill_completion_and_plans.TestStartupMigrations" name="test_last_mile_plan_has_4_peer_sessions" time="0.036" /><testcase classname="tests.test_drill_completion_and_plans.TestStartupMigrations" name="test_pro_plus_has_unlimited_peer_sessions" time="0.043" /><testcase classname="tests.test_drill_completion_and_plans.TestPinnacleUserAccess" name="test_mock_pinnacle_user_has_unlimited_coaching" time="0.099" /><testcase classname="tests.test_drill_completion_and_plans.TestPinnacleUserAccess" name="test_pinnacle_user_plan_is_pinnacle" time="0.096" /><testcase classname="tests.test_drill_completion_and_plans.TestBasicPlanPeerAccess" name="test_mock_subscription_user_has_peer_access" time="0.097" /><testcase classname="tests.test_drill_completion_and_plans.TestBasicPlanPeerAccess" name="test_peer_practice_status_for_subscription_user" time="0.051" /><testcase classname="tests.test_drill_completion_and_plans.TestDrillCompletionCount" name="test_drill_history_endpoint" time="0.052" /><testcase classname="tests.test_drill_completion_and_plans.TestDrillCompletionCount" name="test_dashboard_progress_drills_count" time="0.085" /><testcase classname="tests.test_drill_completion_and_plans.TestFavicon" name="test_favicon_html_reference" time="0.000" /><testcase classname="tests.test_drill_completion_and_plans.TestFavicon" name="test_favicon_file_exists" time="0.000" /><testcase classname="tests.test_drill_completion_and_plans.TestProPlusUserWithCredentials" name="test_login_with_test_credentials" time="0.057" /><testcase classname="tests.test_drill_completion_and_plans.TestDrillsListEndpoint" name="test_drills_list_returns_data" time="0.052" /></testsuite></testsuites>