<?xml version="1.0" encoding="utf-8"?><testsuites name="pytest tests"><testsuite name="pytest" errors="0" failures="0" skipped="0" tests="24" time="1.650" timestamp="2026-01-23T17:33:48.435564+00:00" hostname="agent-env-cbd1ae6f-07de-4b0e-b9c6-2af374184d9e"><testcase classname="backend.tests.test_feedback_system.TestFeedbackSystem" name="test_health_check" time="0.078" /><testcase classname="backend.tests.test_feedback_system.TestFeedbackSystem" name="test_candidate_to_mentor_endpoint_exists" time="0.034" /><testcase classname="backend.tests.test_feedback_system.TestFeedbackSystem" name="test_mentor_to_candidate_endpoint_exists" time="0.041" /><testcase classname="backend.tests.test_feedback_system.TestFeedbackSystem" name="test_feedback_status_endpoint_exists" time="0.034" /><testcase classname="backend.tests.test_feedback_system.TestFeedbackSystem" name="test_session_checkin_endpoint_exists" time="0.039" /><testcase classname="backend.tests.test_feedback_system.TestFeedbackSystem" name="test_session_status_endpoint_exists" time="0.076" /><testcase classname="backend.tests.test_feedback_system.TestFeedbackSystem" name="test_my_bookings_endpoint_exists" time="0.043" /><testcase classname="backend.tests.test_feedback_system.TestFeedbackSystem" name="test_mentors_list_endpoint" time="0.070" /><testcase classname="backend.tests.test_feedback_system.TestFeedbackWithAuth" name="test_admin_login" time="0.073" /><testcase classname="backend.tests.test_feedback_system.TestFeedbackWithAuth" name="test_mentor_login" time="0.082" /><testcase classname="backend.tests.test_feedback_system.TestFeedbackWithAuth" name="test_candidate_login" time="0.079" /><testcase classname="backend.tests.test_feedback_system.TestFeedbackWithAuth" name="test_candidate_feedback_requires_valid_booking" time="0.072" /><testcase classname="backend.tests.test_feedback_system.TestFeedbackWithAuth" name="test_mentor_feedback_requires_valid_booking" time="0.117" /><testcase classname="backend.tests.test_feedback_system.TestFeedbackWithAuth" name="test_candidate_cannot_submit_mentor_feedback" time="0.079" /><testcase classname="backend.tests.test_feedback_system.TestFeedbackWithAuth" name="test_my_bookings_returns_feedback_status" time="0.085" /><testcase classname="backend.tests.test_feedback_system.TestFeedbackWithAuth" name="test_feedback_rating_validation" time="0.078" /><testcase classname="backend.tests.test_feedback_system.TestFeedbackWithAuth" name="test_mentor_feedback_case_type_validation" time="0.117" /><testcase classname="backend.tests.test_feedback_system.TestSessionTracking" name="test_checkin_requires_valid_booking" time="0.057" /><testcase classname="backend.tests.test_feedback_system.TestSessionTracking" name="test_session_status_requires_valid_booking" time="0.047" /><testcase classname="backend.tests.test_feedback_system.TestSessionTracking" name="test_pending_confirmations_mentor_only" time="0.049" /><testcase classname="backend.tests.test_feedback_system.TestSessionTracking" name="test_mentor_can_access_pending_confirmations" time="0.044" /><testcase classname="backend.tests.test_feedback_system.TestSessionTracking" name="test_checkin_ready_sessions" time="0.049" /><testcase classname="backend.tests.test_feedback_system.TestMentorRatingAggregation" name="test_mentors_have_rating_field" time="0.063" /><testcase classname="backend.tests.test_feedback_system.TestMentorRatingAggregation" name="test_mentors_have_sessions_conducted" time="0.063" /></testsuite></testsuites>