<?xml version="1.0" encoding="utf-8"?><testsuites name="pytest tests"><testsuite name="pytest" errors="0" failures="0" skipped="0" tests="12" time="0.663" timestamp="2026-01-22T23:24:17.477599+00:00" hostname="agent-env-18381be2-f917-45d8-bb9a-8523fdf7f9de"><testcase classname="backend.tests.test_google_oauth.TestGoogleOAuthEndpoint" name="test_google_verify_endpoint_exists" time="0.105" /><testcase classname="backend.tests.test_google_oauth.TestGoogleOAuthEndpoint" name="test_google_verify_invalid_token_format" time="0.065" /><testcase classname="backend.tests.test_google_oauth.TestGoogleOAuthEndpoint" name="test_google_verify_missing_credential" time="0.043" /><testcase classname="backend.tests.test_google_oauth.TestEmailPasswordLoginStillWorks" name="test_login_endpoint_exists" time="0.039" /><testcase classname="backend.tests.test_google_oauth.TestEmailPasswordLoginStillWorks" name="test_login_validation" time="0.040" /><testcase classname="backend.tests.test_google_oauth.TestMockLoginStillWorks" name="test_mock_login_free_user" time="0.039" /><testcase classname="backend.tests.test_google_oauth.TestMockLoginStillWorks" name="test_mock_login_admin_user" time="0.039" /><testcase classname="backend.tests.test_google_oauth.TestMockLoginStillWorks" name="test_mock_login_mentor_user" time="0.036" /><testcase classname="backend.tests.test_google_oauth.TestOTPEndpointsStillWork" name="test_send_otp_endpoint" time="0.038" /><testcase classname="backend.tests.test_google_oauth.TestOTPEndpointsStillWork" name="test_forgot_password_endpoint" time="0.038" /><testcase classname="backend.tests.test_google_oauth.TestAuthMeEndpoint" name="test_auth_me_without_session" time="0.041" /><testcase classname="backend.tests.test_google_oauth.TestAuthMeEndpoint" name="test_auth_me_with_mock_session" time="0.080" /></testsuite></testsuites>