<?xml version="1.0" encoding="utf-8"?><testsuites name="pytest tests"><testsuite name="pytest" errors="0" failures="0" skipped="0" tests="8" time="1.948" timestamp="2026-05-07T18:20:07.814338+00:00" hostname="agent-env-c4e37360-1f2d-49b0-bf44-76f954eb6c3c"><testcase classname="backend.tests.test_discovery_merge_and_payments.TestDiscoveryMerge" name="test_admin_bookings_merge_no_filter" time="0.340" /><testcase classname="backend.tests.test_discovery_merge_and_payments.TestDiscoveryMerge" name="test_admin_bookings_status_filters" time="0.312" /><testcase classname="backend.tests.test_discovery_merge_and_payments.TestDiscoveryMerge" name="test_admin_bookings_has_cohort_entries" time="0.079" /><testcase classname="backend.tests.test_discovery_merge_and_payments.TestDiscoveryMerge" name="test_unauthenticated_admin_endpoint_blocked" time="0.152" /><testcase classname="backend.tests.test_discovery_merge_and_payments.TestCoachingPayment" name="test_session_price_shape" time="0.280" /><testcase classname="backend.tests.test_discovery_merge_and_payments.TestCoachingPayment" name="test_create_session_order_with_slot" time="0.376" /><testcase classname="backend.tests.test_discovery_merge_and_payments.TestCreditBookingRegression" name="test_credit_booking_endpoint_exists" time="0.152" /><testcase classname="backend.tests.test_discovery_merge_and_payments.TestFreeTrialAccess" name="test_free_trial_can_list_mentors" time="0.204" /></testsuite></testsuites>