<?xml version="1.0" encoding="utf-8"?><testsuites name="pytest tests"><testsuite name="pytest" errors="0" failures="0" skipped="0" tests="14" time="1.740" timestamp="2026-05-11T19:14:29.085061+00:00" hostname="agent-env-66102013-f44d-4627-b12c-04e7fe6229b4"><testcase classname="backend.tests.test_crm_reach_outs_groups_v2.TestReachOutsShape" name="test_shape_has_three_groups" time="0.351" /><testcase classname="backend.tests.test_crm_reach_outs_groups_v2.TestReachOutsShape" name="test_old_keys_absent" time="0.058" /><testcase classname="backend.tests.test_crm_reach_outs_groups_v2.TestReachOutsGrouping" name="test_seed_three_leads" time="0.329" /><testcase classname="backend.tests.test_crm_reach_outs_groups_v2.TestReachOutsGrouping" name="test_grouping_assignment" time="0.058" /><testcase classname="backend.tests.test_crm_reach_outs_groups_v2.TestReachOutsGrouping" name="test_each_item_has_required_fields" time="0.053" /><testcase classname="backend.tests.test_crm_reach_outs_groups_v2.TestReachOutsGrouping" name="test_won_plan_name_present_on_closed" time="0.052" /><testcase classname="backend.tests.test_crm_reach_outs_groups_v2.TestReachOutsGrouping" name="test_admin_filter_nonexistent_rep" time="0.052" /><testcase classname="backend.tests.test_crm_reach_outs_groups_v2.TestReachOutsGrouping" name="test_cleanup" time="0.165" /><testcase classname="backend.tests.test_crm_reach_outs_groups_v2.TestRouteOrdering" name="test_reach_outs_not_caught_as_lead_id" time="0.085" /><testcase classname="backend.tests.test_crm_reach_outs_groups_v2.TestSourceRouting" name="test_create_funnel_with_source_mapping" time="0.055" /><testcase classname="backend.tests.test_crm_reach_outs_groups_v2.TestSourceRouting" name="test_funnel_update_persists_source_mappings" time="0.107" /><testcase classname="backend.tests.test_crm_reach_outs_groups_v2.TestSourceRouting" name="test_new_lead_with_matching_source_routes_to_mapping" time="0.055" /><testcase classname="backend.tests.test_crm_reach_outs_groups_v2.TestSourceRouting" name="test_new_lead_without_matching_source_uses_default" time="0.157" /><testcase classname="backend.tests.test_crm_reach_outs_groups_v2.TestSourceRouting" name="test_cleanup" time="0.103" /></testsuite></testsuites>