<?xml version="1.0" encoding="utf-8"?><testsuites name="pytest tests"><testsuite name="pytest" errors="0" failures="0" skipped="0" tests="10" time="4.060" timestamp="2026-05-07T18:49:31.867300+00:00" hostname="agent-env-c4e37360-1f2d-49b0-bf44-76f954eb6c3c"><testcase classname="backend.tests.test_iter68_cohort_coupon_alacarte.TestDiscoveryCallBookCohortTagging" name="test_book_with_cohort_context_tags_source" time="0.752" /><testcase classname="backend.tests.test_iter68_cohort_coupon_alacarte.TestDiscoveryCallBookCohortTagging" name="test_book_without_cohort_context_tags_coaching" time="0.306" /><testcase classname="backend.tests.test_iter68_cohort_coupon_alacarte.TestLegacyCohortDiscoveryCall" name="test_legacy_endpoint_accepts_request" time="0.146" /><testcase classname="backend.tests.test_iter68_cohort_coupon_alacarte.TestAdminMergeAfterBook" name="test_new_booking_appears_with_cohort_source" time="0.236" /><testcase classname="backend.tests.test_iter68_cohort_coupon_alacarte.TestCohortCreateOrderCoupon" name="test_create_order_no_coupon" time="0.926" /><testcase classname="backend.tests.test_iter68_cohort_coupon_alacarte.TestCohortCreateOrderCoupon" name="test_create_order_with_cohort20" time="0.384" /><testcase classname="backend.tests.test_iter68_cohort_coupon_alacarte.TestCohortCreateOrderCoupon" name="test_create_order_invalid_coupon_returns_400" time="0.076" /><testcase classname="backend.tests.test_iter68_cohort_coupon_alacarte.TestALaCarteCouponSupport" name="test_create_order_without_coupon_regression" time="0.964" /><testcase classname="backend.tests.test_iter68_cohort_coupon_alacarte.TestALaCarteCouponSupport" name="test_create_order_accepts_coupon_discount_id_field" time="0.068" /><testcase classname="backend.tests.test_iter68_cohort_coupon_alacarte.TestCohort20CouponExists" name="test_cohort20_in_admin_listing" time="0.146" /></testsuite></testsuites>