<?xml version="1.0" encoding="utf-8"?><testsuites name="pytest tests"><testsuite name="pytest" errors="0" failures="0" skipped="0" tests="13" time="1.055" timestamp="2026-01-20T19:52:58.890959+00:00" hostname="agent-env-7da3639e-ab0e-44e2-9e2c-88474d9cdea6"><testcase classname="tests.test_iteration4_features.TestMentorsAPI" name="test_get_all_mentors_returns_list" time="0.063" /><testcase classname="tests.test_iteration4_features.TestMentorsAPI" name="test_mentors_have_required_fields" time="0.037" /><testcase classname="tests.test_iteration4_features.TestMentorsAPI" name="test_mentors_have_inr_rates" time="0.037" /><testcase classname="tests.test_iteration4_features.TestAdminMentorsAPI" name="test_admin_get_mentors" time="0.044" /><testcase classname="tests.test_iteration4_features.TestAdminMentorsAPI" name="test_admin_invite_mentor" time="0.061" /><testcase classname="tests.test_iteration4_features.TestAdminMentorsAPI" name="test_admin_update_mentor" time="0.100" /><testcase classname="tests.test_iteration4_features.TestAdminPeerPracticeAPI" name="test_get_peer_practice_users" time="0.045" /><testcase classname="tests.test_iteration4_features.TestAdminCohortAPI" name="test_get_cohorts" time="0.063" /><testcase classname="tests.test_iteration4_features.TestAdminCohortAPI" name="test_create_cohort" time="0.065" /><testcase classname="tests.test_iteration4_features.TestAdminCohortAPI" name="test_add_section_to_cohort" time="0.104" /><testcase classname="tests.test_iteration4_features.TestAdminCohortAPI" name="test_add_resource_to_cohort" time="0.054" /><testcase classname="tests.test_iteration4_features.TestCandidateCoachingAPI" name="test_candidate_can_see_mentors" time="0.082" /><testcase classname="tests.test_iteration4_features.TestMentorAvailabilityAPI" name="test_update_mentor_availability_weekly" time="0.242" /></testsuite></testsuites>