<?xml version="1.0" encoding="utf-8"?><testsuites name="pytest tests"><testsuite name="pytest" errors="0" failures="0" skipped="0" tests="16" time="2.990" timestamp="2026-05-11T17:44:02.518573+00:00" hostname="agent-env-66102013-f44d-4627-b12c-04e7fe6229b4"><testcase classname="backend.tests.test_crm_reach_outs_contact_logs.TestReachOutsRouteOrdering" name="test_reach_outs_returns_200_not_treated_as_lead" time="0.287" /><testcase classname="backend.tests.test_crm_reach_outs_contact_logs.TestReachOutsRouteOrdering" name="test_reach_outs_empty_when_no_rules" time="0.105" /><testcase classname="backend.tests.test_crm_reach_outs_contact_logs.TestReachOutsGrouping" name="test_seed_workflow_rule_and_leads" time="0.661" /><testcase classname="backend.tests.test_crm_reach_outs_contact_logs.TestReachOutsGrouping" name="test_reach_outs_buckets_correctly" time="0.124" /><testcase classname="backend.tests.test_crm_reach_outs_contact_logs.TestReachOutsGrouping" name="test_reach_outs_admin_filter_by_rep" time="0.095" /><testcase classname="backend.tests.test_crm_reach_outs_contact_logs.TestReachOutsGrouping" name="test_cleanup_seeded_data" time="0.529" /><testcase classname="backend.tests.test_crm_reach_outs_contact_logs.TestContactLogs" name="test_seed_lead" time="0.161" /><testcase classname="backend.tests.test_crm_reach_outs_contact_logs.TestContactLogs" name="test_create_contact_log_success" time="0.085" /><testcase classname="backend.tests.test_crm_reach_outs_contact_logs.TestContactLogs" name="test_invalid_method_returns_400" time="0.081" /><testcase classname="backend.tests.test_crm_reach_outs_contact_logs.TestContactLogs" name="test_invalid_outcome_returns_400" time="0.087" /><testcase classname="backend.tests.test_crm_reach_outs_contact_logs.TestContactLogs" name="test_nonexistent_lead_404" time="0.082" /><testcase classname="backend.tests.test_crm_reach_outs_contact_logs.TestContactLogs" name="test_lead_last_contacted_at_updated" time="0.077" /><testcase classname="backend.tests.test_crm_reach_outs_contact_logs.TestContactLogs" name="test_list_contact_logs_for_lead" time="0.076" /><testcase classname="backend.tests.test_crm_reach_outs_contact_logs.TestContactLogs" name="test_activity_timeline_contains_contact_logged" time="0.074" /><testcase classname="backend.tests.test_crm_reach_outs_contact_logs.TestContactLogs" name="test_stage_changed_at_regression" time="0.321" /><testcase classname="backend.tests.test_crm_reach_outs_contact_logs.TestContactLogs" name="test_cleanup" time="0.079" /></testsuite></testsuites>