<?xml version="1.0" encoding="utf-8"?><testsuites name="pytest tests"><testsuite name="pytest" errors="0" failures="2" skipped="0" tests="11" time="0.481" timestamp="2026-01-20T20:15:26.835396+00:00" hostname="agent-env-7da3639e-ab0e-44e2-9e2c-88474d9cdea6"><testcase classname="tests.test_iteration5_p1_features.TestCohortMemberAuth" name="test_cohort_member_login" time="0.076" /><testcase classname="tests.test_iteration5_p1_features.TestCohortResourcesAPI" name="test_cohort_resources_returns_user_cohort" time="0.052" /><testcase classname="tests.test_iteration5_p1_features.TestCohortResourcesAPI" name="test_cohort_resources_structure" time="0.012" /><testcase classname="tests.test_iteration5_p1_features.TestCohortResourcesAPI" name="test_non_cohort_user_denied" time="0.040"><failure message="assert 520 == 200&#10; +  where 520 = &lt;Response [520]&gt;.status_code">tests/test_iteration5_p1_features.py:100: in test_non_cohort_user_denied
    assert response.status_code == 200
E   assert 520 == 200
E    +  where 520 = &lt;Response [520]&gt;.status_code</failure></testcase><testcase classname="tests.test_iteration5_p1_features.TestCohortSessionsAPI" name="test_cohort_sessions_have_meeting_links" time="0.069" /><testcase classname="tests.test_iteration5_p1_features.TestCohortSessionsAPI" name="test_past_sessions_have_recordings" time="0.011" /><testcase classname="tests.test_iteration5_p1_features.TestMentorsAPI" name="test_mentors_returns_all_mentors" time="0.048" /><testcase classname="tests.test_iteration5_p1_features.TestMentorsAPI" name="test_mentors_have_default_fields" time="0.008" /><testcase classname="tests.test_iteration5_p1_features.TestMentorsAPI" name="test_mentors_hourly_rate_format" time="0.011" /><testcase classname="tests.test_iteration5_p1_features.TestProfileAPI" name="test_profile_has_peer_availability_field" time="0.046" /><testcase classname="tests.test_iteration5_p1_features.TestProfileAPI" name="test_profile_update_peer_availability" time="0.008"><failure message="AssertionError: Profile update failed: {&quot;detail&quot;:[{&quot;type&quot;:&quot;string_type&quot;,&quot;loc&quot;:[&quot;body&quot;,&quot;peer_availability&quot;,0],&quot;msg&quot;:&quot;Input should be a valid string&quot;,&quot;input&quot;:{&quot;day&quot;:&quot;Monday&quot;,&quot;slots&quot;:[{&quot;from&quot;:&quot;09:00&quot;,&quot;to&quot;:&quot;17:00&quot;}]},&quot;url&quot;:&quot;https://errors.pydantic.dev/2.12/v/string_type&quot;},{&quot;type&quot;:&quot;string_type&quot;,&quot;loc&quot;:[&quot;body&quot;,&quot;peer_availability&quot;,1],&quot;msg&quot;:&quot;Input should be a valid string&quot;,&quot;input&quot;:{&quot;day&quot;:&quot;Tuesday&quot;,&quot;slots&quot;:[{&quot;from&quot;:&quot;10:00&quot;,&quot;to&quot;:&quot;18:00&quot;}]},&quot;url&quot;:&quot;https://errors.pydantic.dev/2.12/v/string_type&quot;}]}&#10;assert 422 == 200&#10; +  where 422 = &lt;Response [422]&gt;.status_code">tests/test_iteration5_p1_features.py:257: in test_profile_update_peer_availability
    assert response.status_code == 200, f"Profile update failed: {response.text}"
E   AssertionError: Profile update failed: {"detail":[{"type":"string_type","loc":["body","peer_availability",0],"msg":"Input should be a valid string","input":{"day":"Monday","slots":[{"from":"09:00","to":"17:00"}]},"url":"https://errors.pydantic.dev/2.12/v/string_type"},{"type":"string_type","loc":["body","peer_availability",1],"msg":"Input should be a valid string","input":{"day":"Tuesday","slots":[{"from":"10:00","to":"18:00"}]},"url":"https://errors.pydantic.dev/2.12/v/string_type"}]}
E   assert 422 == 200
E    +  where 422 = &lt;Response [422]&gt;.status_code</failure></testcase></testsuite></testsuites>