<?xml version="1.0" encoding="utf-8"?><testsuites name="pytest tests"><testsuite name="pytest" errors="0" failures="0" skipped="0" tests="15" time="1.287" timestamp="2026-01-21T11:39:33.107358+00:00" hostname="agent-env-c59ed7f9-7d98-4a67-9038-d316bb1aa82e"><testcase classname="tests.test_iteration5_workshops.TestAdminWorkshopCRUD" name="test_admin_login_success" time="0.091" /><testcase classname="tests.test_iteration5_workshops.TestAdminWorkshopCRUD" name="test_get_admin_workshops" time="0.048" /><testcase classname="tests.test_iteration5_workshops.TestAdminWorkshopCRUD" name="test_create_workshop_with_instructor_fields" time="0.064" /><testcase classname="tests.test_iteration5_workshops.TestAdminWorkshopCRUD" name="test_create_completed_workshop_with_recording" time="0.104" /><testcase classname="tests.test_iteration5_workshops.TestAdminWorkshopCRUD" name="test_update_workshop" time="0.148" /><testcase classname="tests.test_iteration5_workshops.TestAdminWorkshopCRUD" name="test_delete_workshop" time="0.109" /><testcase classname="tests.test_iteration5_workshops.TestCandidateWorkshopView" name="test_candidate_login_success" time="0.092" /><testcase classname="tests.test_iteration5_workshops.TestCandidateWorkshopView" name="test_workshop_instructor_to_mentor_name_mapping" time="0.140" /><testcase classname="tests.test_iteration5_workshops.TestAdminVideos" name="test_get_admin_videos" time="0.056" /><testcase classname="tests.test_iteration5_workshops.TestAdminVideos" name="test_create_video" time="0.118" /><testcase classname="tests.test_iteration5_workshops.TestAdminMaterials" name="test_get_admin_materials" time="0.046" /><testcase classname="tests.test_iteration5_workshops.TestAdminMaterials" name="test_create_material" time="0.068" /><testcase classname="tests.test_iteration5_workshops.TestCandidateResourcesView" name="test_get_candidate_videos" time="0.042" /><testcase classname="tests.test_iteration5_workshops.TestCandidateResourcesView" name="test_get_candidate_materials" time="0.041" /><testcase classname="tests.test_iteration5_workshops.TestCandidateResourcesView" name="test_get_candidate_workshops" time="0.038" /></testsuite></testsuites>