<?xml version="1.0" encoding="utf-8"?><testsuites name="pytest tests"><testsuite name="pytest" errors="0" failures="0" skipped="0" tests="7" time="2.941" timestamp="2026-05-07T20:06:03.005649+00:00" hostname="agent-env-c4e37360-1f2d-49b0-bf44-76f954eb6c3c"><testcase classname="backend.tests.test_iter69_cohort_plans" name="test_featured_default_plans_fallback" time="0.779" /><testcase classname="backend.tests.test_iter69_cohort_plans" name="test_admin_put_with_custom_plans_and_session_type" time="0.168" /><testcase classname="backend.tests.test_iter69_cohort_plans" name="test_featured_returns_admin_plans_and_session_types" time="0.142" /><testcase classname="backend.tests.test_iter69_cohort_plans" name="test_create_cohort_order_regression" time="1.153" /><testcase classname="backend.tests.test_iter69_cohort_plans" name="test_create_cohort_order_invalid_coupon" time="0.074" /><testcase classname="backend.tests.test_iter69_cohort_plans" name="test_create_cohort_order_valid_coupon" time="0.386" /><testcase classname="backend.tests.test_iter69_cohort_plans" name="test_zz_cleanup_reset_cohort" time="0.174" /></testsuite></testsuites>