<?xml version="1.0" encoding="utf-8"?><testsuites name="pytest tests"><testsuite name="pytest" errors="0" failures="0" skipped="0" tests="9" time="1.379" timestamp="2026-02-05T18:58:33.529524+00:00" hostname="agent-env-e1677c12-fdd8-427e-99a6-2f3b4a216d7f"><testcase classname="backend.tests.test_mentor_card_updates.TestMentorCardUpdates" name="test_logo_repository_returns_items" time="0.084" /><testcase classname="backend.tests.test_mentor_card_updates.TestMentorCardUpdates" name="test_get_mentors_list" time="0.102" /><testcase classname="backend.tests.test_mentor_card_updates.TestMentorCardUpdates" name="test_invite_mentor_with_college" time="0.104" /><testcase classname="backend.tests.test_mentor_card_updates.TestMentorCardUpdates" name="test_update_mentor_with_college" time="0.225" /><testcase classname="backend.tests.test_mentor_card_updates.TestMentorCardUpdates" name="test_mentor_headline_field" time="0.183" /><testcase classname="backend.tests.test_mentor_card_updates.TestMentorCardUpdates" name="test_mentor_company_fields" time="0.117" /><testcase classname="backend.tests.test_mentor_card_updates.TestPublicMentorEndpoints" name="test_get_mentors_for_dashboard" time="0.067" /><testcase classname="backend.tests.test_mentor_card_updates.TestLogoRepository" name="test_get_all_logos" time="0.043" /><testcase classname="backend.tests.test_mentor_card_updates.TestLogoRepository" name="test_get_homepage_logos" time="0.364" /></testsuite></testsuites>