<?xml version="1.0" encoding="utf-8"?><testsuites name="pytest tests"><testsuite name="pytest" errors="0" failures="0" skipped="0" tests="5" time="1.333" timestamp="2026-05-04T20:37:27.556770+00:00" hostname="agent-env-5aa62c03-6b66-484a-a9ba-c63a37a022b6"><testcase classname="backend.tests.test_mentors_reorder_and_slim.TestMentorReorder" name="test_reorder_persists_new_display_order" time="0.530" /><testcase classname="backend.tests.test_mentors_reorder_and_slim.TestMentorReorder" name="test_reorder_rejects_empty_orders" time="0.072" /><testcase classname="backend.tests.test_mentors_reorder_and_slim.TestMentorsSlim" name="test_featured_slim_omits_availability" time="0.297" /><testcase classname="backend.tests.test_mentors_reorder_and_slim.TestMentorsSlim" name="test_mentors_listing_slim" time="0.153" /><testcase classname="backend.tests.test_mentors_reorder_and_slim.TestMentorsSlim" name="test_featured_returns_at_least_one" time="0.220" /></testsuite></testsuites>