<?xml version="1.0" encoding="utf-8"?><testsuites name="pytest tests"><testsuite name="pytest" errors="0" failures="0" skipped="0" tests="10" time="0.767" timestamp="2026-01-21T19:38:08.439276+00:00" hostname="agent-env-6ac895be-7e3b-42da-a796-12209178f8d3"><testcase classname="tests.test_mentor_calendar.TestMentorCalendarAPIs" name="test_calendar_status_returns_connection_info" time="0.070" /><testcase classname="tests.test_mentor_calendar.TestMentorCalendarAPIs" name="test_calendar_auth_start_fails_without_oauth_config" time="0.049" /><testcase classname="tests.test_mentor_calendar.TestMentorCalendarAPIs" name="test_calendar_disconnect_succeeds" time="0.089" /><testcase classname="tests.test_mentor_calendar.TestMentorCalendarAPIs" name="test_non_mentor_cannot_access_calendar_status" time="0.123" /><testcase classname="tests.test_mentor_calendar.TestMentorCalendarAPIs" name="test_non_mentor_cannot_start_calendar_auth" time="0.125" /><testcase classname="tests.test_mentor_calendar.TestMentorCalendarAPIs" name="test_non_mentor_cannot_disconnect_calendar" time="0.086" /><testcase classname="tests.test_mentor_calendar.TestMentorAvailabilityWithCalendar" name="test_mentor_availability_returns_slots" time="0.034" /><testcase classname="tests.test_mentor_calendar.TestMentorAvailabilityWithCalendar" name="test_mentor_availability_for_nonexistent_mentor" time="0.034" /><testcase classname="tests.test_mentor_calendar.TestMentorDashboardVerify" name="test_mentor_dashboard_verify_for_mentor" time="0.054" /><testcase classname="tests.test_mentor_calendar.TestMentorDashboardVerify" name="test_mentor_dashboard_verify_for_non_mentor" time="0.043" /></testsuite></testsuites>