<?xml version="1.0" encoding="utf-8"?><testsuites name="pytest tests"><testsuite name="pytest" errors="0" failures="0" skipped="0" tests="13" time="1.071" timestamp="2026-01-19T17:31:14.121323+00:00" hostname="agent-env-6593a740-d890-4493-a837-144b35dde756"><testcase classname="tests.test_mentor_booking_flow.TestMentorDashboardAPIs" name="test_mentor_login" time="0.075" /><testcase classname="tests.test_mentor_booking_flow.TestMentorDashboardAPIs" name="test_mentor_verify_endpoint" time="0.054" /><testcase classname="tests.test_mentor_booking_flow.TestMentorDashboardAPIs" name="test_mentor_get_availability" time="0.057" /><testcase classname="tests.test_mentor_booking_flow.TestMentorDashboardAPIs" name="test_mentor_save_availability" time="0.121" /><testcase classname="tests.test_mentor_booking_flow.TestMentorDashboardAPIs" name="test_mentor_stats" time="0.052" /><testcase classname="tests.test_mentor_booking_flow.TestUserBookingFlow" name="test_user_login_with_coaching_plan" time="0.036" /><testcase classname="tests.test_mentor_booking_flow.TestUserBookingFlow" name="test_get_mentors_list" time="0.041" /><testcase classname="tests.test_mentor_booking_flow.TestUserBookingFlow" name="test_get_mentor_availability_for_booking" time="0.050" /><testcase classname="tests.test_mentor_booking_flow.TestUserBookingFlow" name="test_book_session_flow" time="0.220" /><testcase classname="tests.test_mentor_booking_flow.TestUserBookingFlow" name="test_user_without_coaching_cannot_book" time="0.057" /><testcase classname="tests.test_mentor_booking_flow.TestUserBookingFlow" name="test_get_my_bookings" time="0.095" /><testcase classname="tests.test_mentor_booking_flow.TestNonMentorAccess" name="test_non_mentor_cannot_verify" time="0.097" /><testcase classname="tests.test_mentor_booking_flow.TestNonMentorAccess" name="test_non_mentor_cannot_update_availability" time="0.045" /></testsuite></testsuites>