<?xml version="1.0" encoding="utf-8"?><testsuites name="pytest tests"><testsuite name="pytest" errors="0" failures="0" skipped="0" tests="15" time="1.647" timestamp="2026-01-26T17:35:15.159005+00:00" hostname="agent-env-614de796-b6a1-4d6f-9d1a-88ec036ffda5"><testcase classname="tests.test_mentor_analytics.TestMentorAnalytics" name="test_get_mentor_analytics_summary" time="0.123" /><testcase classname="tests.test_mentor_analytics.TestMentorAnalytics" name="test_summary_sorting_by_sessions_completed" time="0.085" /><testcase classname="tests.test_mentor_analytics.TestMentorAnalytics" name="test_summary_sorting_by_total_earnings" time="0.085" /><testcase classname="tests.test_mentor_analytics.TestMentorAnalytics" name="test_summary_sorting_by_avg_rating" time="0.086" /><testcase classname="tests.test_mentor_analytics.TestMentorAnalytics" name="test_summary_date_range_filter" time="0.075" /><testcase classname="tests.test_mentor_analytics.TestMentorAnalytics" name="test_summary_search_filter" time="0.096" /><testcase classname="tests.test_mentor_analytics.TestMentorAnalytics" name="test_get_mentor_session_details" time="0.101" /><testcase classname="tests.test_mentor_analytics.TestMentorAnalytics" name="test_mentor_sessions_pagination" time="0.140" /><testcase classname="tests.test_mentor_analytics.TestMentorAnalytics" name="test_mentor_sessions_not_found" time="0.088" /><testcase classname="tests.test_mentor_analytics.TestMentorAnalytics" name="test_export_csv" time="0.071" /><testcase classname="tests.test_mentor_analytics.TestMentorAnalytics" name="test_export_json" time="0.142" /><testcase classname="tests.test_mentor_analytics.TestMentorAnalytics" name="test_export_with_date_filter" time="0.070" /><testcase classname="tests.test_mentor_analytics.TestMentorAnalytics" name="test_export_mentor_sessions" time="0.138" /><testcase classname="tests.test_mentor_analytics.TestMentorAnalytics" name="test_unauthorized_access" time="0.168" /><testcase classname="tests.test_mentor_analytics.TestMentorAnalytics" name="test_summary_totals_match_individual_mentors" time="0.083" /></testsuite></testsuites>