<?xml version="1.0" encoding="utf-8"?><testsuites name="pytest tests"><testsuite name="pytest" errors="0" failures="0" skipped="0" tests="14" time="4.931" timestamp="2026-01-25T21:48:16.467342+00:00" hostname="agent-env-67457695-a29e-4763-87d4-44ad23841fce"><testcase classname="backend.tests.test_monthly_credits.TestMonthlySessionCredits" name="test_session_credits_returns_monthly_fields" time="0.110" /><testcase classname="backend.tests.test_monthly_credits.TestMonthlySessionCredits" name="test_session_credits_math_correct_monthly" time="0.018" /><testcase classname="backend.tests.test_monthly_credits.TestMonthlySessionCredits" name="test_billing_period_is_approximately_one_month" time="0.013" /><testcase classname="backend.tests.test_monthly_credits.TestMonthlySessionCredits" name="test_next_reset_is_after_billing_end" time="0.012" /><testcase classname="backend.tests.test_monthly_credits.TestMonthlySessionCredits" name="test_session_credits_unauthenticated" time="0.035" /><testcase classname="backend.tests.test_monthly_credits.TestPeerAvailability30Days" name="test_availability_returns_30_days" time="1.138" /><testcase classname="backend.tests.test_monthly_credits.TestPeerAvailability30Days" name="test_availability_slots_within_30_days" time="1.202" /><testcase classname="backend.tests.test_monthly_credits.TestPeerAvailability30Days" name="test_availability_slot_structure" time="0.926" /><testcase classname="backend.tests.test_monthly_credits.TestPeerAvailability30Days" name="test_availability_includes_calendar_sync_status" time="0.986" /><testcase classname="backend.tests.test_monthly_credits.TestPeerListWithAvailability" name="test_peer_list_returns_peers" time="0.088" /><testcase classname="backend.tests.test_monthly_credits.TestPeerListWithAvailability" name="test_peer_has_user_id_for_availability" time="0.044" /><testcase classname="backend.tests.test_monthly_credits.TestBookingWithMonthlyCredits" name="test_booking_checks_monthly_credits" time="0.128" /><testcase classname="backend.tests.test_monthly_credits.TestBookingWithMonthlyCredits" name="test_booking_within_30_day_window" time="0.077" /><testcase classname="backend.tests.test_monthly_credits.TestNoWeeklyFieldsRemaining" name="test_session_credits_no_weekly_fields" time="0.093" /></testsuite></testsuites>