<?xml version="1.0" encoding="utf-8"?><testsuites name="pytest tests"><testsuite name="pytest" errors="0" failures="0" skipped="0" tests="6" time="1.314" timestamp="2026-04-13T10:38:43.820117+00:00" hostname="agent-env-c5b09c3e-0c2c-400a-84e3-0d2f8ca7d45a"><testcase classname="backend.tests.test_notification_badge.TestNotificationBadgeAPI" name="test_unread_count_endpoint_exists" time="0.214" /><testcase classname="backend.tests.test_notification_badge.TestNotificationBadgeAPI" name="test_notifications_endpoint_includes_unread_count" time="0.153" /><testcase classname="backend.tests.test_notification_badge.TestNotificationBadgeAPI" name="test_unread_count_matches_pending_notifications" time="0.207" /><testcase classname="backend.tests.test_notification_badge.TestNotificationBadgeAPI" name="test_unread_count_consistency" time="0.182" /><testcase classname="backend.tests.test_notification_badge.TestNotificationBadgeAPI" name="test_unread_count_requires_authentication" time="0.256" /><testcase classname="backend.tests.test_notification_badge.TestNotificationMarkAsRead" name="test_mark_notification_as_read_decreases_count" time="0.239" /></testsuite></testsuites>