<?xml version="1.0" encoding="utf-8"?><testsuites name="pytest tests"><testsuite name="pytest" errors="0" failures="0" skipped="0" tests="20" time="1.077" timestamp="2026-01-22T23:07:25.533527+00:00" hostname="agent-env-18381be2-f917-45d8-bb9a-8523fdf7f9de"><testcase classname="tests.test_password_auth.TestSendOTPForSignup" name="test_send_otp_new_user" time="0.067" /><testcase classname="tests.test_password_auth.TestSendOTPForSignup" name="test_send_otp_existing_user" time="0.037" /><testcase classname="tests.test_password_auth.TestSendOTPForSignup" name="test_send_otp_invalid_email" time="0.033" /><testcase classname="tests.test_password_auth.TestSignupWithPassword" name="test_signup_without_otp" time="0.043" /><testcase classname="tests.test_password_auth.TestSignupWithPassword" name="test_signup_password_too_short" time="0.074" /><testcase classname="tests.test_password_auth.TestSignupWithPassword" name="test_signup_missing_fields" time="0.038" /><testcase classname="tests.test_password_auth.TestLoginWithPassword" name="test_login_invalid_credentials" time="0.032" /><testcase classname="tests.test_password_auth.TestLoginWithPassword" name="test_login_missing_password" time="0.039" /><testcase classname="tests.test_password_auth.TestLoginWithPassword" name="test_login_invalid_email_format" time="0.030" /><testcase classname="tests.test_password_auth.TestForgotPassword" name="test_forgot_password_existing_user" time="0.036" /><testcase classname="tests.test_password_auth.TestForgotPassword" name="test_forgot_password_nonexistent_user" time="0.037" /><testcase classname="tests.test_password_auth.TestForgotPassword" name="test_forgot_password_invalid_email" time="0.037" /><testcase classname="tests.test_password_auth.TestResetPassword" name="test_reset_password_invalid_otp" time="0.036" /><testcase classname="tests.test_password_auth.TestResetPassword" name="test_reset_password_short_password" time="0.032" /><testcase classname="tests.test_password_auth.TestResetPassword" name="test_reset_password_missing_fields" time="0.071" /><testcase classname="tests.test_password_auth.TestFullSignupLoginFlow" name="test_full_flow_step1_send_otp" time="0.036" /><testcase classname="tests.test_password_auth.TestMockLoginStillWorks" name="test_mock_login_free" time="0.032" /><testcase classname="tests.test_password_auth.TestMockLoginStillWorks" name="test_mock_login_admin" time="0.035" /><testcase classname="tests.test_password_auth.TestMockLoginStillWorks" name="test_mock_login_mentor" time="0.075" /><testcase classname="tests.test_password_auth.TestEndToEndPasswordAuth" name="test_complete_signup_login_flow" time="0.189" /></testsuite></testsuites>