<?xml version="1.0" encoding="utf-8"?><testsuites name="pytest tests"><testsuite name="pytest" errors="0" failures="0" skipped="0" tests="7" time="0.528" timestamp="2026-01-26T23:31:32.012961+00:00" hostname="agent-env-872bc3f8-ae86-4be3-ad25-605c68924d60"><testcase classname="backend.tests.test_peer_coaching_access.TestExpiredUserPeerPracticeAccess" name="test_expired_trial_user_session_credits" time="0.093" /><testcase classname="backend.tests.test_peer_coaching_access.TestExpiredUserPeerPracticeAccess" name="test_expired_pro_user_session_credits" time="0.061" /><testcase classname="backend.tests.test_peer_coaching_access.TestExpiredUserDashboardSummary" name="test_expired_trial_user_dashboard_summary" time="0.071" /><testcase classname="backend.tests.test_peer_coaching_access.TestExpiredUserDashboardSummary" name="test_expired_pro_user_dashboard_summary" time="0.065" /><testcase classname="backend.tests.test_peer_coaching_access.TestExpiredUserCoachingAccess" name="test_expired_user_coaching_sessions_remaining" time="0.058" /><testcase classname="backend.tests.test_peer_coaching_access.TestExpiredUserCoachingAccess" name="test_expired_pro_user_coaching_sessions" time="0.057" /><testcase classname="backend.tests.test_peer_coaching_access.TestActiveUserAccess" name="test_admin_user_has_access" time="0.060" /></testsuite></testsuites>