<?xml version="1.0" encoding="utf-8"?><testsuites name="pytest tests"><testsuite name="pytest" errors="0" failures="0" skipped="0" tests="23" time="3.407" timestamp="2026-01-24T18:37:53.901143+00:00" hostname="agent-env-59145185-e506-4a19-b7aa-b40651e65490"><testcase classname="backend.tests.test_peer_practice.TestPeerPracticeAuth" name="test_unauthenticated_access_denied" time="0.101" /><testcase classname="backend.tests.test_peer_practice.TestPeerProfile" name="test_get_my_profile" time="0.102" /><testcase classname="backend.tests.test_peer_practice.TestPeerProfile" name="test_create_profile_validation" time="0.010" /><testcase classname="backend.tests.test_peer_practice.TestPeerProfile" name="test_update_profile" time="0.021" /><testcase classname="backend.tests.test_peer_practice.TestPeerProfile" name="test_toggle_listing" time="0.068" /><testcase classname="backend.tests.test_peer_practice.TestPeerAvailability" name="test_set_availability" time="0.104" /><testcase classname="backend.tests.test_peer_practice.TestPeerAvailability" name="test_set_availability_default_max_sessions" time="0.067" /><testcase classname="backend.tests.test_peer_practice.TestPeerAvailability" name="test_get_peer_availability" time="0.069" /><testcase classname="backend.tests.test_peer_practice.TestPeerListing" name="test_list_peers" time="0.045" /><testcase classname="backend.tests.test_peer_practice.TestPeerListing" name="test_list_excludes_self" time="0.062" /><testcase classname="backend.tests.test_peer_practice.TestPeerBooking" name="test_book_session" time="1.210" /><testcase classname="backend.tests.test_peer_practice.TestPeerBooking" name="test_get_my_sessions" time="0.012" /><testcase classname="backend.tests.test_peer_practice.TestPeerBooking" name="test_book_session_validation" time="0.049" /><testcase classname="backend.tests.test_peer_practice.TestPeerSessions" name="test_reschedule_session" time="0.059" /><testcase classname="backend.tests.test_peer_practice.TestPeerSessions" name="test_cancel_session" time="0.933" /><testcase classname="backend.tests.test_peer_practice.TestPeerFeedback" name="test_submit_feedback" time="0.052" /><testcase classname="backend.tests.test_peer_practice.TestPeerFeedback" name="test_feedback_validation" time="0.014" /><testcase classname="backend.tests.test_peer_practice.TestPeerMessaging" name="test_get_session_messages" time="0.105" /><testcase classname="backend.tests.test_peer_practice.TestPeerMessaging" name="test_send_message" time="0.023" /><testcase classname="backend.tests.test_peer_practice.TestGoogleCalendarIntegration" name="test_calendar_status" time="0.049" /><testcase classname="backend.tests.test_peer_practice.TestGoogleCalendarIntegration" name="test_calendar_auth_start" time="0.062" /><testcase classname="backend.tests.test_peer_practice.TestGoogleCalendarIntegration" name="test_calendar_disconnect" time="0.021" /><testcase classname="backend.tests.test_peer_practice.TestGoogleCalendarIntegration" name="test_calendar_sync_without_connection" time="0.061" /></testsuite></testsuites>