<?xml version="1.0" encoding="utf-8"?><testsuites name="pytest tests"><testsuite name="pytest" errors="0" failures="0" skipped="0" tests="37" time="4.115" timestamp="2026-01-24T19:19:55.348302+00:00" hostname="agent-env-59145185-e506-4a19-b7aa-b40651e65490"><testcase classname="backend.tests.test_peer_booking_workflow.TestBookingWithSessionType" name="test_book_session_with_session_type" time="0.129" /><testcase classname="backend.tests.test_peer_booking_workflow.TestBookingWithSessionType" name="test_book_case_session_with_case_type" time="0.027" /><testcase classname="backend.tests.test_peer_booking_workflow.TestBookingWithSessionType" name="test_book_session_with_notes" time="0.104" /><testcase classname="backend.tests.test_peer_booking_workflow.TestBookingWithSessionType" name="test_book_session_default_session_type" time="0.023" /><testcase classname="backend.tests.test_peer_booking_workflow.TestMySessionsResponse" name="test_my_sessions_includes_session_type" time="0.053" /><testcase classname="backend.tests.test_peer_booking_workflow.TestMySessionsResponse" name="test_my_sessions_includes_case_type" time="0.023" /><testcase classname="backend.tests.test_peer_booking_workflow.TestMySessionsResponse" name="test_my_sessions_includes_requester_notes" time="0.012" /><testcase classname="backend.tests.test_peer_booking_workflow.TestMySessionsResponse" name="test_my_sessions_includes_feedback_submitted" time="0.011" /><testcase classname="backend.tests.test_peer_booking_workflow.TestMySessionsResponse" name="test_my_sessions_includes_duration" time="0.011" /><testcase classname="backend.tests.test_peer_booking_workflow.TestPeerAvailabilityEndpoint" name="test_availability_returns_available_slots" time="0.101" /><testcase classname="backend.tests.test_peer_booking_workflow.TestPeerAvailabilityEndpoint" name="test_availability_slot_format" time="0.029" /><testcase classname="backend.tests.test_peer_booking_workflow.TestPeerAvailabilityEndpoint" name="test_mentor_availability" time="0.060" /><testcase classname="backend.tests.test_peer_booking_workflow.TestAllSessionTypes" name="test_book_guesstimate_session" time="0.061" /><testcase classname="backend.tests.test_peer_booking_workflow.TestAllSessionTypes" name="test_book_general_discussion_session" time="0.027" /><testcase classname="backend.tests.test_peer_practice.TestPeerPracticeAuth" name="test_unauthenticated_access_denied" time="0.047" /><testcase classname="backend.tests.test_peer_practice.TestPeerProfile" name="test_get_my_profile" time="0.057" /><testcase classname="backend.tests.test_peer_practice.TestPeerProfile" name="test_create_profile_validation" time="0.014" /><testcase classname="backend.tests.test_peer_practice.TestPeerProfile" name="test_update_profile" time="0.077" /><testcase classname="backend.tests.test_peer_practice.TestPeerProfile" name="test_toggle_listing" time="0.119" /><testcase classname="backend.tests.test_peer_practice.TestPeerAvailability" name="test_set_availability" time="0.052" /><testcase classname="backend.tests.test_peer_practice.TestPeerAvailability" name="test_set_availability_default_max_sessions" time="0.105" /><testcase classname="backend.tests.test_peer_practice.TestPeerAvailability" name="test_get_peer_availability" time="0.023" /><testcase classname="backend.tests.test_peer_practice.TestPeerListing" name="test_list_peers" time="0.046" /><testcase classname="backend.tests.test_peer_practice.TestPeerListing" name="test_list_excludes_self" time="0.099" /><testcase classname="backend.tests.test_peer_practice.TestPeerBooking" name="test_book_session" time="1.192" /><testcase classname="backend.tests.test_peer_practice.TestPeerBooking" name="test_get_my_sessions" time="0.009" /><testcase classname="backend.tests.test_peer_practice.TestPeerBooking" name="test_book_session_validation" time="0.006" /><testcase classname="backend.tests.test_peer_practice.TestPeerSessions" name="test_reschedule_session" time="0.063" /><testcase classname="backend.tests.test_peer_practice.TestPeerSessions" name="test_cancel_session" time="0.947" /><testcase classname="backend.tests.test_peer_practice.TestPeerFeedback" name="test_submit_feedback" time="0.101" /><testcase classname="backend.tests.test_peer_practice.TestPeerFeedback" name="test_feedback_validation" time="0.011" /><testcase classname="backend.tests.test_peer_practice.TestPeerMessaging" name="test_get_session_messages" time="0.047" /><testcase classname="backend.tests.test_peer_practice.TestPeerMessaging" name="test_send_message" time="0.059" /><testcase classname="backend.tests.test_peer_practice.TestGoogleCalendarIntegration" name="test_calendar_status" time="0.042" /><testcase classname="backend.tests.test_peer_practice.TestGoogleCalendarIntegration" name="test_calendar_auth_start" time="0.074" /><testcase classname="backend.tests.test_peer_practice.TestGoogleCalendarIntegration" name="test_calendar_disconnect" time="0.057" /><testcase classname="backend.tests.test_peer_practice.TestGoogleCalendarIntegration" name="test_calendar_sync_without_connection" time="0.057" /></testsuite></testsuites>