<?xml version="1.0" encoding="utf-8"?><testsuites name="pytest tests"><testsuite name="pytest" errors="0" failures="0" skipped="0" tests="11" time="6.341" timestamp="2026-01-24T19:41:25.440452+00:00" hostname="agent-env-59145185-e506-4a19-b7aa-b40651e65490"><testcase classname="backend.tests.test_peer_filters_tags.TestPeerListPlanFields" name="test_peers_list_has_plan_category" time="0.085" /><testcase classname="backend.tests.test_peer_filters_tags.TestPeerListPlanFields" name="test_peers_list_has_plan_name" time="0.017" /><testcase classname="backend.tests.test_peer_filters_tags.TestPeerListPlanFields" name="test_peers_list_has_university" time="0.016" /><testcase classname="backend.tests.test_peer_filters_tags.TestMyProfilePlanFields" name="test_my_profile_has_plan_category" time="0.093" /><testcase classname="backend.tests.test_peer_filters_tags.TestMyProfilePlanFields" name="test_my_profile_has_plan_name" time="0.014" /><testcase classname="backend.tests.test_peer_filters_tags.TestBookingSessionTypes" name="test_book_with_case_session_type" time="1.257" /><testcase classname="backend.tests.test_peer_filters_tags.TestBookingSessionTypes" name="test_book_with_fit_interview_type" time="0.915" /><testcase classname="backend.tests.test_peer_filters_tags.TestBookingSessionTypes" name="test_book_with_pei_session_type" time="0.941" /><testcase classname="backend.tests.test_peer_filters_tags.TestBookingSessionTypes" name="test_book_with_general_discussion_type" time="0.994" /><testcase classname="backend.tests.test_peer_filters_tags.TestBookingCaseTypes" name="test_book_with_profitability_case_type" time="0.962" /><testcase classname="backend.tests.test_peer_filters_tags.TestBookingCaseTypes" name="test_book_with_market_entry_case_type" time="0.981" /></testsuite></testsuites>