<?xml version="1.0" encoding="utf-8"?><testsuites name="pytest tests"><testsuite name="pytest" errors="0" failures="0" skipped="0" tests="18" time="3.071" timestamp="2026-01-24T18:23:03.548763+00:00" hostname="agent-env-59145185-e506-4a19-b7aa-b40651e65490"><testcase classname="tests.test_peer_practice.TestPeerPracticeAuth" name="test_unauthenticated_access_denied" time="0.091" /><testcase classname="tests.test_peer_practice.TestPeerProfile" name="test_get_my_profile" time="0.051" /><testcase classname="tests.test_peer_practice.TestPeerProfile" name="test_create_profile_validation" time="0.010" /><testcase classname="tests.test_peer_practice.TestPeerProfile" name="test_update_profile" time="0.058" /><testcase classname="tests.test_peer_practice.TestPeerProfile" name="test_toggle_listing" time="0.064" /><testcase classname="tests.test_peer_practice.TestPeerAvailability" name="test_set_availability" time="0.076" /><testcase classname="tests.test_peer_practice.TestPeerAvailability" name="test_get_peer_availability" time="0.059" /><testcase classname="tests.test_peer_practice.TestPeerListing" name="test_list_peers" time="0.043" /><testcase classname="tests.test_peer_practice.TestPeerListing" name="test_list_excludes_self" time="0.054" /><testcase classname="tests.test_peer_practice.TestPeerBooking" name="test_book_session" time="1.308" /><testcase classname="tests.test_peer_practice.TestPeerBooking" name="test_get_my_sessions" time="0.013" /><testcase classname="tests.test_peer_practice.TestPeerBooking" name="test_book_session_validation" time="0.050" /><testcase classname="tests.test_peer_practice.TestPeerSessions" name="test_reschedule_session" time="0.096" /><testcase classname="tests.test_peer_practice.TestPeerSessions" name="test_cancel_session" time="0.867" /><testcase classname="tests.test_peer_practice.TestPeerFeedback" name="test_submit_feedback" time="0.062" /><testcase classname="tests.test_peer_practice.TestPeerFeedback" name="test_feedback_validation" time="0.012" /><testcase classname="tests.test_peer_practice.TestPeerMessaging" name="test_get_session_messages" time="0.051" /><testcase classname="tests.test_peer_practice.TestPeerMessaging" name="test_send_message" time="0.022" /></testsuite></testsuites>