<?xml version="1.0" encoding="utf-8"?><testsuites name="pytest tests"><testsuite name="pytest" errors="0" failures="0" skipped="0" tests="10" time="2.084" timestamp="2026-04-09T16:37:56.681600+00:00" hostname="agent-env-c5b09c3e-0c2c-400a-84e3-0d2f8ca7d45a"><testcase classname="tests.test_pinnacle_user.TestPinnacleUser" name="test_pinnacle_login_success" time="0.138" /><testcase classname="tests.test_pinnacle_user.TestPinnacleUser" name="test_pinnacle_unlimited_coaching_sessions" time="0.122" /><testcase classname="tests.test_pinnacle_user.TestPinnacleUser" name="test_pinnacle_user_not_mentor_or_admin" time="0.126" /><testcase classname="tests.test_pinnacle_user.TestPinnacleUser" name="test_get_my_bookings" time="0.183" /><testcase classname="tests.test_pinnacle_user.TestPinnacleUser" name="test_get_mentors_list" time="0.157" /><testcase classname="tests.test_pinnacle_user.TestPinnacleUser" name="test_get_mentor_availability" time="0.220" /><testcase classname="tests.test_pinnacle_user.TestPinnacleUser" name="test_pinnacle_can_access_coaching_page_data" time="0.359" /><testcase classname="tests.test_pinnacle_user.TestPinnacleUser" name="test_pinnacle_booking_has_meet_link" time="0.237" /><testcase classname="tests.test_pinnacle_user.TestPinnacleBookingFlow" name="test_pinnacle_can_view_book_session_tab" time="0.240" /><testcase classname="tests.test_pinnacle_user.TestPinnacleBookingFlow" name="test_pinnacle_can_view_mentor_details" time="0.249" /></testsuite></testsuites>