<?xml version="1.0" encoding="utf-8"?><testsuites name="pytest tests"><testsuite name="pytest" errors="0" failures="0" skipped="0" tests="22" time="3.395" timestamp="2026-01-23T22:31:59.102498+00:00" hostname="agent-env-0afc8260-b522-4285-941f-a2a06ce598a8"><testcase classname="backend.tests.test_plans_management.TestPlansManagement" name="test_get_all_plans" time="0.152" /><testcase classname="backend.tests.test_plans_management.TestPlansManagement" name="test_get_plans_by_category" time="0.079" /><testcase classname="backend.tests.test_plans_management.TestPlansManagement" name="test_get_single_plan" time="0.079" /><testcase classname="backend.tests.test_plans_management.TestPlansManagement" name="test_get_nonexistent_plan" time="0.065" /><testcase classname="backend.tests.test_plans_management.TestPlansManagement" name="test_create_subscription_plan" time="0.130" /><testcase classname="backend.tests.test_plans_management.TestPlansManagement" name="test_create_coaching_plan" time="0.167" /><testcase classname="backend.tests.test_plans_management.TestPlansManagement" name="test_create_cohort_plan" time="0.168" /><testcase classname="backend.tests.test_plans_management.TestPlansManagement" name="test_create_addon_plan" time="0.136" /><testcase classname="backend.tests.test_plans_management.TestPlansManagement" name="test_create_plan_duplicate_key_fails" time="0.071" /><testcase classname="backend.tests.test_plans_management.TestPlansManagement" name="test_update_plan_name" time="0.137" /><testcase classname="backend.tests.test_plans_management.TestPlansManagement" name="test_update_plan_pricing" time="0.150" /><testcase classname="backend.tests.test_plans_management.TestPlansManagement" name="test_update_plan_features" time="0.157" /><testcase classname="backend.tests.test_plans_management.TestPlansManagement" name="test_toggle_plan_active_status" time="0.202" /><testcase classname="backend.tests.test_plans_management.TestPlansManagement" name="test_toggle_plan_visibility" time="0.184" /><testcase classname="backend.tests.test_plans_management.TestPlansManagement" name="test_delete_plan" time="0.102" /><testcase classname="backend.tests.test_plans_management.TestPlansManagement" name="test_delete_nonexistent_plan" time="0.110" /><testcase classname="backend.tests.test_plans_management.TestPlansManagement" name="test_duplicate_plan" time="0.149" /><testcase classname="backend.tests.test_plans_management.TestPlansManagement" name="test_plan_feature_workshops_options" time="0.330" /><testcase classname="backend.tests.test_plans_management.TestPlansManagement" name="test_plan_feature_peer_practice_options" time="0.462" /><testcase classname="backend.tests.test_plans_management.TestPlansManagement" name="test_plan_coaching_sessions_unlimited" time="0.121" /><testcase classname="backend.tests.test_plans_management.TestPlansAuthentication" name="test_get_plans_requires_auth" time="0.052" /><testcase classname="backend.tests.test_plans_management.TestPlansAuthentication" name="test_create_plan_requires_admin" time="0.092" /></testsuite></testsuites>