<?xml version="1.0" encoding="utf-8"?><testsuites name="pytest tests"><testsuite name="pytest" errors="0" failures="1" skipped="0" tests="10" time="178.011" timestamp="2026-01-23T18:13:53.473555+00:00" hostname="agent-env-cbd1ae6f-07de-4b0e-b9c6-2af374184d9e"><testcase classname="backend.tests.test_prebooking_form.TestPreBookingFormBackend" name="test_booking_endpoint_accepts_session_type" time="37.335" /><testcase classname="backend.tests.test_prebooking_form.TestPreBookingFormBackend" name="test_booking_validates_session_type" time="34.239" /><testcase classname="backend.tests.test_prebooking_form.TestPreBookingFormBackend" name="test_case_type_required_for_case_session" time="34.346" /><testcase classname="backend.tests.test_prebooking_form.TestPreBookingFormBackend" name="test_valid_case_types" time="37.456" /><testcase classname="backend.tests.test_prebooking_form.TestPreBookingFormBackend" name="test_valid_session_types" time="0.143" /><testcase classname="backend.tests.test_prebooking_form.TestPreBookingFormBackend" name="test_candidate_notes_stored" time="0.057" /><testcase classname="backend.tests.test_prebooking_form.TestMentorDashboardSessionDetails" name="test_mentor_upcoming_sessions_include_session_details" time="0.052" /><testcase classname="backend.tests.test_prebooking_form.TestMentorDashboardSessionDetails" name="test_mentor_past_sessions_include_session_details" time="0.051" /><testcase classname="backend.tests.test_prebooking_form.TestBookingAPIValidation" name="test_booking_request_model_fields" time="34.156" /><testcase classname="backend.tests.test_prebooking_form.TestUserCoachingAccess" name="test_admin_user_has_coaching_access" time="0.088"><failure message="AssertionError: User has no coaching sessions remaining: 0&#10;assert 0 &gt; 0">backend/tests/test_prebooking_form.py:433: in test_admin_user_has_coaching_access
    assert remaining &gt; 0, f"User has no coaching sessions remaining: {remaining}"
E   AssertionError: User has no coaching sessions remaining: 0
E   assert 0 &gt; 0</failure></testcase></testsuite></testsuites>