<?xml version="1.0" encoding="utf-8"?><testsuites name="pytest tests"><testsuite name="pytest" errors="0" failures="0" skipped="0" tests="13" time="0.818" timestamp="2026-01-25T16:22:26.614861+00:00" hostname="agent-env-08acb02a-974c-4747-98bd-21b92440a580"><testcase classname="backend.tests.test_profile_onboarding.TestProfilePhoneNumber" name="test_update_profile_with_phone_number" time="0.109" /><testcase classname="backend.tests.test_profile_onboarding.TestProfilePhoneNumber" name="test_get_profile_has_phone_fields" time="0.009" /><testcase classname="backend.tests.test_profile_onboarding.TestProfilePhoneNumber" name="test_update_phone_with_different_country_codes" time="0.165" /><testcase classname="backend.tests.test_profile_onboarding.TestLinkedInValidation" name="test_valid_linkedin_url" time="0.115" /><testcase classname="backend.tests.test_profile_onboarding.TestLinkedInValidation" name="test_invalid_linkedin_url" time="0.105" /><testcase classname="backend.tests.test_profile_onboarding.TestLinkedInValidation" name="test_empty_linkedin_url_allowed" time="0.012" /><testcase classname="backend.tests.test_profile_onboarding.TestOnboardingProfileUpdate" name="test_full_onboarding_update" time="0.052" /><testcase classname="backend.tests.test_profile_onboarding.TestOnboardingProfileUpdate" name="test_verify_onboarding_data_persisted" time="0.008" /><testcase classname="backend.tests.test_profile_onboarding.TestOnboardingProfileUpdate" name="test_skip_linkedin_during_onboarding" time="0.010" /><testcase classname="backend.tests.test_profile_onboarding.TestOnboardingProfileUpdate" name="test_skip_picture_during_onboarding" time="0.050" /><testcase classname="backend.tests.test_profile_onboarding.TestCollegeFields" name="test_update_ug_college" time="0.011" /><testcase classname="backend.tests.test_profile_onboarding.TestCollegeFields" name="test_update_pg_college" time="0.050" /><testcase classname="backend.tests.test_profile_onboarding.TestCollegeFields" name="test_update_pg_incoming_status" time="0.060" /></testsuite></testsuites>