<?xml version="1.0" encoding="utf-8"?><testsuites name="pytest tests"><testsuite name="pytest" errors="0" failures="0" skipped="0" tests="9" time="1.388" timestamp="2026-01-25T23:19:21.834880+00:00" hostname="agent-env-a8223e5f-8af8-419e-ada2-f85cd2fed1ee"><testcase classname="backend.tests.test_profile_picture_fix.TestProfilePicturePrioritization" name="test_auth_me_returns_custom_picture" time="0.144" /><testcase classname="backend.tests.test_profile_picture_fix.TestProfilePicturePrioritization" name="test_dashboard_summary_returns_custom_picture" time="0.221" /><testcase classname="backend.tests.test_profile_picture_fix.TestProfilePicturePrioritization" name="test_dashboard_summary_structure" time="0.162" /><testcase classname="backend.tests.test_profile_picture_fix.TestProfilePicturePrioritization" name="test_pending_feedbacks_structure" time="0.188" /><testcase classname="backend.tests.test_profile_picture_fix.TestProfilePicturePrioritization" name="test_upcoming_peer_sessions_enrichment" time="0.178" /><testcase classname="backend.tests.test_profile_picture_fix.TestUserWithoutCustomPicture" name="test_auth_me_without_custom_picture" time="0.094" /><testcase classname="backend.tests.test_profile_picture_fix.TestUserWithoutCustomPicture" name="test_dashboard_summary_without_custom_picture" time="0.028" /><testcase classname="backend.tests.test_profile_picture_fix.TestPeerProfilesCollection" name="test_peer_profile_endpoint" time="0.076" /><testcase classname="backend.tests.test_profile_picture_fix.TestPictureConsistency" name="test_picture_consistency_across_endpoints" time="0.230" /></testsuite></testsuites>