<?xml version="1.0" encoding="utf-8"?><testsuites name="pytest tests"><testsuite name="pytest" errors="0" failures="0" skipped="0" tests="9" time="1.149" timestamp="2026-01-26T21:14:35.744614+00:00" hostname="agent-env-66d1e57f-b72c-49ea-b785-23f353036217"><testcase classname="backend.tests.test_admin_case_drills.TestAdminCaseDrillsAPI" name="test_get_all_ai_drills" time="0.140" /><testcase classname="backend.tests.test_admin_case_drills.TestAdminCaseDrillsAPI" name="test_default_free_trial_drills" time="0.073" /><testcase classname="backend.tests.test_admin_case_drills.TestAdminCaseDrillsAPI" name="test_toggle_drill_free_trial" time="0.137" /><testcase classname="backend.tests.test_admin_case_drills.TestAdminCaseDrillsAPI" name="test_toggle_drill_back_to_free_trial" time="0.161" /><testcase classname="backend.tests.test_admin_case_drills.TestAdminCaseDrillsAPI" name="test_reset_defaults" time="0.157" /><testcase classname="backend.tests.test_admin_case_drills.TestAdminCaseDrillsAPI" name="test_invalid_drill_id" time="0.140" /><testcase classname="backend.tests.test_admin_case_drills.TestAdminCaseDrillsAPI" name="test_changes_persist_to_candidate_api" time="0.148" /><testcase classname="backend.tests.test_admin_case_drills.TestAdminCaseDrillsAPI" name="test_non_admin_cannot_access" time="0.085" /><testcase classname="backend.tests.test_admin_case_drills.TestCaseDrillsStats" name="test_stats_accuracy" time="0.050" /></testsuite></testsuites>