<?xml version="1.0" encoding="utf-8"?><testsuites name="pytest tests"><testsuite name="pytest" errors="0" failures="0" skipped="0" tests="16" time="1.910" timestamp="2026-01-22T22:21:02.822187+00:00" hostname="agent-env-18381be2-f917-45d8-bb9a-8523fdf7f9de"><testcase classname="tests.test_razorpay_payments.TestPaymentConfig" name="test_get_razorpay_config" time="0.083" /><testcase classname="tests.test_razorpay_payments.TestPaymentOrderCreation" name="test_create_order_for_paid_plan" time="0.349" /><testcase classname="tests.test_razorpay_payments.TestPaymentOrderCreation" name="test_create_order_for_premium_plan" time="0.324" /><testcase classname="tests.test_razorpay_payments.TestPaymentOrderCreation" name="test_create_order_for_free_plan_fails" time="0.086" /><testcase classname="tests.test_razorpay_payments.TestPaymentOrderCreation" name="test_create_order_for_invalid_plan_fails" time="0.090" /><testcase classname="tests.test_razorpay_payments.TestPaymentOrderCreation" name="test_create_order_without_auth_fails" time="0.076" /><testcase classname="tests.test_razorpay_payments.TestPaymentHistory" name="test_get_payment_history" time="0.082" /><testcase classname="tests.test_razorpay_payments.TestPaymentHistory" name="test_payment_history_without_auth_fails" time="0.067" /><testcase classname="tests.test_razorpay_payments.TestPaymentOrders" name="test_get_orders" time="0.053" /><testcase classname="tests.test_razorpay_payments.TestPaymentOrders" name="test_orders_contain_razorpay_order_id" time="0.370" /><testcase classname="tests.test_razorpay_payments.TestSubscriptionStatus" name="test_get_subscription_status_free_user" time="0.046" /><testcase classname="tests.test_razorpay_payments.TestSubscriptionStatus" name="test_subscription_status_without_auth_fails" time="0.075" /><testcase classname="tests.test_razorpay_payments.TestPlansEndpoint" name="test_get_plans" time="0.034" /><testcase classname="tests.test_razorpay_payments.TestPlansEndpoint" name="test_plans_contain_required_fields" time="0.034" /><testcase classname="tests.test_razorpay_payments.TestPlansEndpoint" name="test_plans_include_free_trial" time="0.034" /><testcase classname="tests.test_razorpay_payments.TestPlansEndpoint" name="test_plans_include_paid_options" time="0.037" /></testsuite></testsuites>