<?xml version="1.0" encoding="utf-8"?><testsuites name="pytest tests"><testsuite name="pytest" errors="0" failures="0" skipped="0" tests="10" time="1.317" timestamp="2026-01-24T22:15:07.362925+00:00" hostname="agent-env-df71a420-67e0-44bf-8b1b-f97ad079136d"><testcase classname="backend.tests.test_reschedule_approval.TestRescheduleApprovalFlow" name="test_reschedule_endpoint_exists" time="0.491" /><testcase classname="backend.tests.test_reschedule_approval.TestRescheduleApprovalFlow" name="test_reschedule_changes_status_to_pending" time="0.014" /><testcase classname="backend.tests.test_reschedule_approval.TestRescheduleApprovalFlow" name="test_session_serialization_includes_reschedule_fields" time="0.014" /><testcase classname="backend.tests.test_reschedule_approval.TestRescheduleApprovalFlow" name="test_approve_reschedule_endpoint_exists" time="0.024" /><testcase classname="backend.tests.test_reschedule_approval.TestRescheduleApprovalFlow" name="test_decline_reschedule_endpoint_exists" time="0.052" /><testcase classname="backend.tests.test_reschedule_approval.TestRescheduleApprovalFlow" name="test_cannot_approve_own_reschedule_request" time="0.026" /><testcase classname="backend.tests.test_reschedule_approval.TestRescheduleApprovalWorkflow" name="test_get_partner_availability_for_reschedule" time="0.075" /><testcase classname="backend.tests.test_reschedule_approval.TestRescheduleApprovalWorkflow" name="test_reschedule_with_partner_availability_slot" time="0.502" /><testcase classname="backend.tests.test_reschedule_approval.TestRescheduleStatusDisplay" name="test_my_sessions_returns_reschedule_pending_status" time="0.045" /><testcase classname="backend.tests.test_reschedule_approval.TestRescheduleStatusDisplay" name="test_reschedule_pending_session_has_proposed_fields" time="0.011" /></testsuite></testsuites>