<?xml version="1.0" encoding="utf-8"?><testsuites name="pytest tests"><testsuite name="pytest" errors="0" failures="0" skipped="0" tests="18" time="0.735" timestamp="2026-01-25T10:29:05.779275+00:00" hostname="agent-env-c185c072-0cd1-4c2e-949b-975ca1a1efa7"><testcase classname="tests.test_sales_admin.TestSalesAdminAuth" name="test_admin_login_success" time="0.075" /><testcase classname="tests.test_sales_admin.TestSalesSummary" name="test_get_sales_summary" time="0.083" /><testcase classname="tests.test_sales_admin.TestSalesSummary" name="test_sales_summary_gst_calculation" time="0.011" /><testcase classname="tests.test_sales_admin.TestSalesTransactions" name="test_get_transactions_default" time="0.044" /><testcase classname="tests.test_sales_admin.TestSalesTransactions" name="test_transactions_have_gst_breakdown" time="0.011" /><testcase classname="tests.test_sales_admin.TestSalesTransactions" name="test_filter_by_purchase_type" time="0.059" /><testcase classname="tests.test_sales_admin.TestSalesTransactions" name="test_filter_by_status" time="0.009" /><testcase classname="tests.test_sales_admin.TestSalesTransactions" name="test_search_by_name_or_email" time="0.023" /><testcase classname="tests.test_sales_admin.TestSalesTransactions" name="test_pagination" time="0.010" /><testcase classname="tests.test_sales_admin.TestPurchaseTypes" name="test_get_purchase_types" time="0.052" /><testcase classname="tests.test_sales_admin.TestUserPurchaseHistory" name="test_get_user_purchases" time="0.058" /><testcase classname="tests.test_sales_admin.TestUserPurchaseHistory" name="test_user_not_found" time="0.049" /><testcase classname="tests.test_sales_admin.TestExportSales" name="test_export_csv" time="0.046" /><testcase classname="tests.test_sales_admin.TestExportSales" name="test_export_json" time="0.011" /><testcase classname="tests.test_sales_admin.TestExportSales" name="test_export_with_filters" time="0.013" /><testcase classname="tests.test_sales_admin.TestUnauthorizedAccess" name="test_summary_requires_admin" time="0.030" /><testcase classname="tests.test_sales_admin.TestUnauthorizedAccess" name="test_transactions_requires_admin" time="0.032" /><testcase classname="tests.test_sales_admin.TestUnauthorizedAccess" name="test_export_requires_admin" time="0.032" /></testsuite></testsuites>