<?xml version="1.0" encoding="utf-8"?><testsuites name="pytest tests"><testsuite name="pytest" errors="0" failures="0" skipped="0" tests="12" time="2.753" timestamp="2026-01-24T20:01:41.691660+00:00" hostname="agent-env-ea8269af-fdcf-4146-83d7-2460ecf14e51"><testcase classname="backend.tests.test_session_credits.TestSessionCreditsEndpoint" name="test_session_credits_returns_required_fields" time="0.078" /><testcase classname="backend.tests.test_session_credits.TestSessionCreditsEndpoint" name="test_session_credits_math_correct" time="0.013" /><testcase classname="backend.tests.test_session_credits.TestSessionCreditsEndpoint" name="test_mentor_has_no_peer_access" time="0.048" /><testcase classname="backend.tests.test_session_credits.TestSessionCreditsEndpoint" name="test_session_credits_unauthenticated" time="0.037" /><testcase classname="backend.tests.test_session_credits.TestPeerListEndpoint" name="test_peer_list_returns_plan_fields" time="0.046" /><testcase classname="backend.tests.test_session_credits.TestPeerListEndpoint" name="test_peer_list_excludes_mentors" time="0.050" /><testcase classname="backend.tests.test_session_credits.TestPeerListEndpoint" name="test_peer_list_excludes_free_trial_from_filter" time="0.049" /><testcase classname="backend.tests.test_session_credits.TestBookingAccessControl" name="test_mentor_cannot_book_peer_session" time="0.098" /><testcase classname="backend.tests.test_session_credits.TestBookingAccessControl" name="test_booking_checks_session_credits" time="1.269" /><testcase classname="backend.tests.test_session_credits.TestBookingAccessControl" name="test_booking_with_session_type_and_case_type" time="0.910" /><testcase classname="backend.tests.test_session_credits.TestProfilePictureRequirement" name="test_profile_picture_in_profile_response" time="0.048" /><testcase classname="backend.tests.test_session_credits.TestProfilePictureRequirement" name="test_create_profile_without_picture" time="0.052" /></testsuite></testsuites>