<?xml version="1.0" encoding="utf-8"?><testsuites name="pytest tests"><testsuite name="pytest" errors="0" failures="0" skipped="0" tests="6" time="2.276" timestamp="2026-04-08T12:25:19.557795+00:00" hostname="agent-env-c5b09c3e-0c2c-400a-84e3-0d2f8ca7d45a"><testcase classname="tests.test_session_join.TestSessionJoinFunctionality" name="test_01_login_as_test_user" time="0.591" /><testcase classname="tests.test_session_join.TestSessionJoinFunctionality" name="test_02_get_my_bookings_api" time="0.407" /><testcase classname="tests.test_session_join.TestSessionJoinFunctionality" name="test_03_check_in_api_returns_meet_link" time="0.407" /><testcase classname="tests.test_session_join.TestSessionJoinFunctionality" name="test_04_session_status_api" time="0.376" /><testcase classname="tests.test_session_join.TestSessionJoinFunctionality" name="test_05_booking_has_meet_link_in_database" time="0.419" /><testcase classname="tests.test_session_join.TestJoinWindowLogic" name="test_join_window_calculation" time="0.008" /></testsuite></testsuites>