<?xml version="1.0" encoding="utf-8"?><testsuites name="pytest tests"><testsuite name="pytest" errors="0" failures="3" skipped="0" tests="19" time="9.570" timestamp="2026-01-21T18:04:32.765159+00:00" hostname="agent-env-6ac895be-7e3b-42da-a796-12209178f8d3"><testcase classname="tests.test_session_management.TestPeerSessionManagement" name="test_get_peer_sessions" time="0.070" /><testcase classname="tests.test_session_management.TestPeerSessionManagement" name="test_book_peer_session" time="0.956" /><testcase classname="tests.test_session_management.TestPeerSessionManagement" name="test_peer_chat_get_messages" time="0.961" /><testcase classname="tests.test_session_management.TestPeerSessionManagement" name="test_peer_chat_send_message" time="0.897" /><testcase classname="tests.test_session_management.TestPeerSessionManagement" name="test_peer_chat_empty_message_rejected" time="1.038" /><testcase classname="tests.test_session_management.TestPeerSessionManagement" name="test_peer_reschedule_session" time="2.250" /><testcase classname="tests.test_session_management.TestPeerSessionManagement" name="test_peer_reschedule_missing_fields" time="0.924" /><testcase classname="tests.test_session_management.TestPeerSessionManagement" name="test_peer_cancel_session" time="1.277" /><testcase classname="tests.test_session_management.TestPeerSessionManagement" name="test_peer_cancel_nonexistent_session" time="0.042" /><testcase classname="tests.test_session_management.TestMentorBookingManagement" name="test_get_mentors" time="0.046" /><testcase classname="tests.test_session_management.TestMentorBookingManagement" name="test_get_mentor_availability" time="0.054" /><testcase classname="tests.test_session_management.TestMentorBookingManagement" name="test_get_my_bookings" time="0.043" /><testcase classname="tests.test_session_management.TestMentorBookingManagement" name="test_mentor_booking_has_join_link" time="0.048" /><testcase classname="tests.test_session_management.TestMentorBookingManagement" name="test_reschedule_mentor_booking" time="0.093"><failure message="assert 400 == 200&#10; +  where 400 = &lt;Response [400]&gt;.status_code">tests/test_session_management.py:217: in test_reschedule_mentor_booking
    assert response.status_code == 200
E   assert 400 == 200
E    +  where 400 = &lt;Response [400]&gt;.status_code</failure></testcase><testcase classname="tests.test_session_management.TestMentorBookingManagement" name="test_reschedule_with_different_mentor" time="0.055"><failure message="assert 400 == 200&#10; +  where 400 = &lt;Response [400]&gt;.status_code">tests/test_session_management.py:243: in test_reschedule_with_different_mentor
    assert response.status_code == 200
E   assert 400 == 200
E    +  where 400 = &lt;Response [400]&gt;.status_code</failure></testcase><testcase classname="tests.test_session_management.TestMentorBookingManagement" name="test_cancel_mentor_booking" time="0.523" /><testcase classname="tests.test_session_management.TestDashboardUpcomingSessions" name="test_dashboard_data_includes_upcoming_sessions" time="0.080"><failure message="assert 404 == 200&#10; +  where 404 = &lt;Response [404]&gt;.status_code">tests/test_session_management.py:277: in test_dashboard_data_includes_upcoming_sessions
    assert response.status_code == 200
E   assert 404 == 200
E    +  where 404 = &lt;Response [404]&gt;.status_code</failure></testcase><testcase classname="tests.test_session_management.TestDashboardUpcomingSessions" name="test_coaching_sessions_have_meet_link" time="0.047" /><testcase classname="tests.test_session_management.TestDashboardUpcomingSessions" name="test_peer_sessions_have_meet_link" time="0.063" /></testsuite></testsuites>