<?xml version="1.0" encoding="utf-8"?><testsuites name="pytest tests"><testsuite name="pytest" errors="0" failures="0" skipped="0" tests="7" time="4.639" timestamp="2026-04-27T19:16:06.971780+00:00" hostname="agent-env-a3851672-60b8-408f-987c-e1b0d2810943"><testcase classname="backend.tests.test_six_month_promo.TestDiscountDocument" name="test_promo_document_exists" time="0.018" /><testcase classname="backend.tests.test_six_month_promo.TestCheckAutomatic" name="test_six_month_subscription_has_discount" time="0.422" /><testcase classname="backend.tests.test_six_month_promo.TestCheckAutomatic" name="test_monthly_subscription_no_discount" time="0.156" /><testcase classname="backend.tests.test_six_month_promo.TestCheckAutomatic" name="test_coaching_no_discount" time="0.194" /><testcase classname="backend.tests.test_six_month_promo.TestCheckAutomatic" name="test_no_billing_cycle_no_discount" time="0.132" /><testcase classname="backend.tests.test_six_month_promo.TestPaymentCreateOrderGating" name="test_six_month_applies_discount" time="2.430" /><testcase classname="backend.tests.test_six_month_promo.TestPaymentCreateOrderGating" name="test_monthly_rejects_discount" time="1.136" /></testsuite></testsuites>