<?xml version="1.0" encoding="utf-8"?><testsuites name="pytest tests"><testsuite name="pytest" errors="0" failures="0" skipped="0" tests="8" time="1.464" timestamp="2026-04-13T06:31:08.940168+00:00" hostname="agent-env-c5b09c3e-0c2c-400a-84e3-0d2f8ca7d45a"><testcase classname="backend.tests.test_strategy_call_feedback_exclusion.TestStrategyCallFeedbackExclusion" name="test_mentor_login_successful" time="0.214" /><testcase classname="backend.tests.test_strategy_call_feedback_exclusion.TestStrategyCallFeedbackExclusion" name="test_past_sessions_endpoint_excludes_strategy_calls" time="0.156" /><testcase classname="backend.tests.test_strategy_call_feedback_exclusion.TestStrategyCallFeedbackExclusion" name="test_stats_endpoint_excludes_strategy_calls_from_pending_feedbacks" time="0.163" /><testcase classname="backend.tests.test_strategy_call_feedback_exclusion.TestStrategyCallFeedbackExclusion" name="test_pending_feedback_sessions_excludes_strategy_calls" time="0.174" /><testcase classname="backend.tests.test_strategy_call_feedback_exclusion.TestStrategyCallFeedbackExclusion" name="test_pending_mandatory_feedback_excludes_strategy_calls" time="0.165" /><testcase classname="backend.tests.test_strategy_call_feedback_exclusion.TestStrategyCallFeedbackExclusion" name="test_upcoming_sessions_includes_strategy_calls" time="0.166" /><testcase classname="backend.tests.test_strategy_call_feedback_exclusion.TestStrategyCallDataVerification" name="test_debug_session_lookup" time="0.189" /><testcase classname="backend.tests.test_strategy_call_feedback_exclusion.TestCandidateFeedbackExclusion" name="test_candidate_pending_mandatory_excludes_strategy_calls" time="0.171" /></testsuite></testsuites>