<?xml version="1.0" encoding="utf-8"?><testsuites name="pytest tests"><testsuite name="pytest" errors="0" failures="0" skipped="0" tests="13" time="1.023" timestamp="2026-01-27T12:38:14.427997+00:00" hostname="agent-env-11583bb7-2f53-4a4b-baec-89e68dd2cae6"><testcase classname="backend.tests.test_subscription_proration.TestSubscriptionStatus" name="test_paid_user_status" time="0.087" /><testcase classname="backend.tests.test_subscription_proration.TestSubscriptionStatus" name="test_manual_upgrade_user_status" time="0.052" /><testcase classname="backend.tests.test_subscription_proration.TestUpgradePreviewProration" name="test_paid_user_gets_credit" time="0.044" /><testcase classname="backend.tests.test_subscription_proration.TestUpgradePreviewProration" name="test_manual_upgrade_user_gets_zero_credit" time="0.091" /><testcase classname="backend.tests.test_subscription_proration.TestUpgradePreviewProration" name="test_6_month_upgrade_anniversary_calculation" time="0.075" /><testcase classname="backend.tests.test_subscription_proration.TestUpgradePreviewProration" name="test_monthly_upgrade_preserves_anniversary" time="0.099" /><testcase classname="backend.tests.test_subscription_proration.TestDashboardSummaryAccess" name="test_coaching_access_is_true_for_all_users" time="0.284" /><testcase classname="backend.tests.test_subscription_proration.TestDashboardSummaryAccess" name="test_all_pages_browsable_for_paid_users" time="0.055" /><testcase classname="backend.tests.test_subscription_proration.TestDashboardSummaryAccess" name="test_plan_status_for_paid_user" time="0.047" /><testcase classname="backend.tests.test_subscription_proration.TestProrationCalculationLogic" name="test_proration_formula_basic_case" time="0.000" /><testcase classname="backend.tests.test_subscription_proration.TestProrationCalculationLogic" name="test_manual_upgrade_zero_credit" time="0.000" /><testcase classname="backend.tests.test_subscription_proration.TestFrontendProrationDisplay" name="test_upgrade_preview_returns_all_required_fields" time="0.046" /><testcase classname="backend.tests.test_subscription_proration.TestFrontendProrationDisplay" name="test_manual_upgrade_note_in_response" time="0.082" /></testsuite></testsuites>