<?xml version="1.0" encoding="utf-8"?><testsuites name="pytest tests"><testsuite name="pytest" errors="0" failures="0" skipped="0" tests="16" time="7.750" timestamp="2026-02-17T20:09:58.700237+00:00" hostname="agent-env-ad8479f0-848a-4317-98c6-cf847f3cb736"><testcase classname="backend.tests.test_subscription_fixes.TestSubscriptionCreationWithCoupon" name="test_subscription_create_accepts_coupon_code" time="2.574" /><testcase classname="backend.tests.test_subscription_fixes.TestSubscriptionCreationWithCoupon" name="test_subscription_create_without_coupon" time="1.762" /><testcase classname="backend.tests.test_subscription_fixes.TestAdminDebugEndpoints" name="test_debug_user_plan_returns_plan_diagnosis" time="0.251" /><testcase classname="backend.tests.test_subscription_fixes.TestAdminDebugEndpoints" name="test_debug_user_plan_requires_admin" time="0.120" /><testcase classname="backend.tests.test_subscription_fixes.TestAdminDebugEndpoints" name="test_debug_user_plan_returns_404_for_nonexistent_user" time="0.210" /><testcase classname="backend.tests.test_subscription_fixes.TestAdminMentorDebugEndpoints" name="test_debug_mentor_sessions_returns_session_data" time="0.285" /><testcase classname="backend.tests.test_subscription_fixes.TestAdminMentorDebugEndpoints" name="test_debug_mentor_sessions_requires_admin" time="0.127" /><testcase classname="backend.tests.test_subscription_fixes.TestAdminFixEndpoints" name="test_fix_subscription_requires_admin" time="0.181" /><testcase classname="backend.tests.test_subscription_fixes.TestAdminFixEndpoints" name="test_fix_subscription_validates_user_exists" time="0.189" /><testcase classname="backend.tests.test_subscription_fixes.TestAdminFixEndpoints" name="test_fix_subscription_validates_plan_exists" time="0.292" /><testcase classname="backend.tests.test_subscription_fixes.TestAdminFixEndpoints" name="test_fix_mentor_bookings_requires_admin" time="0.108" /><testcase classname="backend.tests.test_subscription_fixes.TestFeedbackStrategyCallExclusion" name="test_pending_mandatory_feedback_endpoint_exists" time="0.299" /><testcase classname="backend.tests.test_subscription_fixes.TestFeedbackStrategyCallExclusion" name="test_pending_feedback_excludes_strategy_calls_in_query" time="0.405" /><testcase classname="backend.tests.test_subscription_fixes.TestPlanLabelMapping" name="test_dashboard_summary_returns_correct_plan_key" time="0.238" /><testcase classname="backend.tests.test_subscription_fixes.TestPlanLabelMapping" name="test_subscription_plans_have_correct_keys" time="0.158" /><testcase classname="backend.tests.test_subscription_fixes.TestAccessControlWithPlanField" name="test_debug_user_plan_shows_subscription_access_check" time="0.470" /></testsuite></testsuites>