<?xml version="1.0" encoding="utf-8"?><testsuites name="pytest tests"><testsuite name="pytest" errors="0" failures="0" skipped="0" tests="28" time="5.555" timestamp="2026-01-27T08:17:48.808438+00:00" hostname="agent-env-1c90009a-b7a1-4612-ac26-a496195df0d5"><testcase classname="backend.tests.test_subscriptions.TestSubscriptionPlans" name="test_get_plans_returns_available_plans" time="0.097" /><testcase classname="backend.tests.test_subscriptions.TestSubscriptionPlans" name="test_plans_include_expected_tiers" time="0.033" /><testcase classname="backend.tests.test_subscriptions.TestSubscriptionPlans" name="test_plans_pricing_is_valid" time="0.042" /><testcase classname="backend.tests.test_subscriptions.TestSubscriptionStatus" name="test_status_requires_authentication" time="0.034" /><testcase classname="backend.tests.test_subscriptions.TestSubscriptionStatus" name="test_status_returns_subscription_info" time="0.085" /><testcase classname="backend.tests.test_subscriptions.TestSubscriptionStatus" name="test_status_shows_none_for_non_subscriber" time="0.060" /><testcase classname="backend.tests.test_subscriptions.TestSubscriptionCreate" name="test_create_requires_authentication" time="0.035" /><testcase classname="backend.tests.test_subscriptions.TestSubscriptionCreate" name="test_create_requires_valid_plan_key" time="0.084" /><testcase classname="backend.tests.test_subscriptions.TestSubscriptionCreate" name="test_create_requires_valid_billing_cycle" time="0.039" /><testcase classname="backend.tests.test_subscriptions.TestSubscriptionCreate" name="test_create_subscription_returns_razorpay_details" time="3.184" /><testcase classname="backend.tests.test_subscriptions.TestSubscriptionCancel" name="test_cancel_requires_authentication" time="0.076" /><testcase classname="backend.tests.test_subscriptions.TestSubscriptionCancel" name="test_cancel_fails_without_subscription" time="0.090" /><testcase classname="backend.tests.test_subscriptions.TestSubscriptionReactivate" name="test_reactivate_requires_authentication" time="0.035" /><testcase classname="backend.tests.test_subscriptions.TestSubscriptionReactivate" name="test_reactivate_fails_without_cancelled_subscription" time="0.041" /><testcase classname="backend.tests.test_subscriptions.TestSubscriptionChangePlan" name="test_change_plan_requires_authentication" time="0.041" /><testcase classname="backend.tests.test_subscriptions.TestSubscriptionChangePlan" name="test_change_plan_fails_without_subscription" time="0.053" /><testcase classname="backend.tests.test_subscriptions.TestSubscriptionChangePlan" name="test_change_plan_validates_plan_key" time="0.077" /><testcase classname="backend.tests.test_subscriptions.TestCancelScheduledChange" name="test_cancel_scheduled_change_requires_authentication" time="0.033" /><testcase classname="backend.tests.test_subscriptions.TestCancelScheduledChange" name="test_cancel_scheduled_change_fails_without_pending_change" time="0.048" /><testcase classname="backend.tests.test_subscriptions.TestSubscriptionActivate" name="test_activate_requires_authentication" time="0.036" /><testcase classname="backend.tests.test_subscriptions.TestSubscriptionActivate" name="test_activate_handles_no_pending_subscription" time="0.912" /><testcase classname="backend.tests.test_subscriptions.TestAdminSubscriptionEndpoints" name="test_admin_get_user_subscription_requires_auth" time="0.060" /><testcase classname="backend.tests.test_subscriptions.TestAdminSubscriptionEndpoints" name="test_admin_get_user_subscription_works_for_admin" time="0.041" /><testcase classname="backend.tests.test_subscriptions.TestAdminSubscriptionEndpoints" name="test_admin_get_user_subscription_returns_404_for_invalid_user" time="0.045" /><testcase classname="backend.tests.test_subscriptions.TestAdminSubscriptionEndpoints" name="test_admin_extend_subscription_requires_auth" time="0.033" /><testcase classname="backend.tests.test_subscriptions.TestAdminSubscriptionEndpoints" name="test_admin_extend_fails_for_user_without_subscription" time="0.044" /><testcase classname="backend.tests.test_subscriptions.TestWebhookEndpoint" name="test_webhook_accepts_post_requests" time="0.030" /><testcase classname="backend.tests.test_subscriptions.TestWebhookEndpoint" name="test_webhook_handles_invalid_payload" time="0.075" /></testsuite></testsuites>