<?xml version="1.0" encoding="utf-8"?><testsuites name="pytest tests"><testsuite name="pytest" errors="0" failures="0" skipped="0" tests="12" time="5.510" timestamp="2026-02-05T18:30:07.932809+00:00" hostname="agent-env-e1677c12-fdd8-427e-99a6-2f3b4a216d7f"><testcase classname="backend.tests.test_topup_coupon.TestTopUpCouponIntegration" name="test_01_topup_pricing_endpoint" time="0.116" /><testcase classname="backend.tests.test_topup_coupon.TestTopUpCouponIntegration" name="test_02_topup_pricing_with_session_count" time="0.056" /><testcase classname="backend.tests.test_topup_coupon.TestTopUpCouponIntegration" name="test_03_validate_coupon_for_coaching_topup" time="0.123" /><testcase classname="backend.tests.test_topup_coupon.TestTopUpCouponIntegration" name="test_04_create_topup_order_without_coupon" time="0.935" /><testcase classname="backend.tests.test_topup_coupon.TestTopUpCouponIntegration" name="test_05_create_topup_order_with_coupon" time="0.469" /><testcase classname="backend.tests.test_topup_coupon.TestTopUpCouponIntegration" name="test_06_create_topup_order_with_invalid_coupon" time="0.416" /><testcase classname="backend.tests.test_topup_coupon.TestTopUpCouponIntegration" name="test_07_volume_discount_tiers" time="1.719" /><testcase classname="backend.tests.test_topup_coupon.TestTopUpCouponIntegration" name="test_08_coupon_applied_after_volume_discount" time="0.456" /><testcase classname="backend.tests.test_topup_coupon.TestTopUpCouponValidation" name="test_validate_coupon_with_coaching_order_type" time="0.059" /><testcase classname="backend.tests.test_topup_coupon.TestTopUpCouponValidation" name="test_validate_invalid_coupon_code" time="0.105" /><testcase classname="backend.tests.test_topup_coupon.TestTopUpCouponValidation" name="test_validate_coupon_response_structure" time="0.069" /><testcase classname="backend.tests.test_topup_coupon.TestTopUpOrderVerification" name="test_verify_topup_endpoint_exists" time="0.884" /></testsuite></testsuites>