<?xml version="1.0" encoding="utf-8"?><testsuites name="pytest tests"><testsuite name="pytest" errors="0" failures="0" skipped="0" tests="25" time="1.271" timestamp="2026-01-22T22:45:31.169268+00:00" hostname="agent-env-18381be2-f917-45d8-bb9a-8523fdf7f9de"><testcase classname="backend.tests.test_unified_auth.TestHealthCheck" name="test_api_health" time="0.067" /><testcase classname="backend.tests.test_unified_auth.TestSendOTP" name="test_send_otp_new_user" time="0.040" /><testcase classname="backend.tests.test_unified_auth.TestSendOTP" name="test_send_otp_invalid_email" time="0.040" /><testcase classname="backend.tests.test_unified_auth.TestSendOTP" name="test_send_otp_missing_email" time="0.035" /><testcase classname="backend.tests.test_unified_auth.TestVerifyOTP" name="test_verify_otp_no_otp_sent" time="0.037" /><testcase classname="backend.tests.test_unified_auth.TestVerifyOTP" name="test_verify_otp_invalid_format" time="0.035" /><testcase classname="backend.tests.test_unified_auth.TestVerifyOTP" name="test_verify_otp_new_user_without_name" time="0.069" /><testcase classname="backend.tests.test_unified_auth.TestMockLogin" name="test_mock_login_free_user" time="0.040" /><testcase classname="backend.tests.test_unified_auth.TestMockLogin" name="test_mock_login_mentor" time="0.037" /><testcase classname="backend.tests.test_unified_auth.TestMockLogin" name="test_mock_login_admin" time="0.031" /><testcase classname="backend.tests.test_unified_auth.TestMockLogin" name="test_mock_login_subscription_user" time="0.036" /><testcase classname="backend.tests.test_unified_auth.TestMockLogin" name="test_mock_login_invalid_type" time="0.030" /><testcase classname="backend.tests.test_unified_auth.TestGetCurrentUser" name="test_get_me_unauthenticated" time="0.034" /><testcase classname="backend.tests.test_unified_auth.TestGetCurrentUser" name="test_get_me_after_mock_login" time="0.084" /><testcase classname="backend.tests.test_unified_auth.TestGetCurrentUser" name="test_get_me_admin_role" time="0.047" /><testcase classname="backend.tests.test_unified_auth.TestGetCurrentUser" name="test_get_me_mentor_role" time="0.080" /><testcase classname="backend.tests.test_unified_auth.TestLogout" name="test_logout_clears_session" time="0.075" /><testcase classname="backend.tests.test_unified_auth.TestLogout" name="test_logout_without_session" time="0.038" /><testcase classname="backend.tests.test_unified_auth.TestGoogleOAuthSession" name="test_google_session_invalid_id" time="0.122" /><testcase classname="backend.tests.test_unified_auth.TestGoogleOAuthSession" name="test_google_session_missing_id" time="0.038" /><testcase classname="backend.tests.test_unified_auth.TestRoleBasedRedirect" name="test_candidate_redirect_path" time="0.032" /><testcase classname="backend.tests.test_unified_auth.TestRoleBasedRedirect" name="test_mentor_redirect_path" time="0.032" /><testcase classname="backend.tests.test_unified_auth.TestRoleBasedRedirect" name="test_admin_redirect_path" time="0.031" /><testcase classname="backend.tests.test_unified_auth.TestOTPFlow" name="test_otp_flow_existing_user" time="0.036" /><testcase classname="backend.tests.test_unified_auth.TestOTPFlow" name="test_otp_flow_new_user" time="0.036" /></testsuite></testsuites>