<?xml version="1.0" encoding="utf-8"?><testsuites name="pytest tests"><testsuite name="pytest" errors="0" failures="0" skipped="0" tests="10" time="0.667" timestamp="2026-01-21T16:10:31.586895+00:00" hostname="agent-env-c59ed7f9-7d98-4a67-9038-d316bb1aa82e"><testcase classname="tests.test_video_player_feature.TestVideoPlayerFeature" name="test_admin_login" time="0.065" /><testcase classname="tests.test_video_player_feature.TestVideoPlayerFeature" name="test_admin_get_videos" time="0.059" /><testcase classname="tests.test_video_player_feature.TestVideoPlayerFeature" name="test_admin_create_video_with_youtube_url" time="0.064" /><testcase classname="tests.test_video_player_feature.TestVideoPlayerFeature" name="test_admin_create_video_with_direct_url" time="0.091" /><testcase classname="tests.test_video_player_feature.TestVideoPlayerFeature" name="test_subscription_user_get_videos_with_url" time="0.055" /><testcase classname="tests.test_video_player_feature.TestVideoPlayerFeature" name="test_video_url_not_null_for_unlocked_videos" time="0.051" /><testcase classname="tests.test_video_player_feature.TestVideoPlayerFeature" name="test_youtube_url_format" time="0.052" /><testcase classname="tests.test_video_player_feature.TestVideoPlayerFeature" name="test_admin_uploaded_test_video_exists" time="0.045" /><testcase classname="tests.test_video_player_feature.TestVideoPlayerFeature" name="test_locked_videos_have_null_url" time="0.045" /><testcase classname="tests.test_video_player_feature.TestVideoPlayerCleanup" name="test_cleanup_test_videos" time="0.076" /></testsuite></testsuites>